Using pre-set license
Built from '2022.3/staging' branch; Version is '2022.3.22f1 (887be4894c44) revision 8944612'; Using compiler version '192829333'; Build Type 'Release'
OS: 'Windows 11  (10.0.22631) 64bit Core' Language: 'en' Physical Memory: 16166 MB
BatchMode: 1, IsHumanControllingUs: 0, StartBugReporterOnCrash: 0, Is64bit: 1, IsPro: 1

COMMAND LINE ARGUMENTS:
C:\Program Files\Unity\Hub\Editor\2022.3.22f1\Editor\Unity.exe
-adb2
-batchMode
-noUpm
-name
AssetImportWorker0
-projectPath
D:/GDP1/Group Project/info6024finalproj/info6024Group2FinalProj/My project
-logFile
Logs/AssetImportWorker0.log
-srvPort
63772
Successfully changed project path to: D:/GDP1/Group Project/info6024finalproj/info6024Group2FinalProj/My project
D:/GDP1/Group Project/info6024finalproj/info6024Group2FinalProj/My project
[UnityMemory] Configuration Parameters - Can be set up in boot.config
    "memorysetup-bucket-allocator-granularity=16"
    "memorysetup-bucket-allocator-bucket-count=8"
    "memorysetup-bucket-allocator-block-size=33554432"
    "memorysetup-bucket-allocator-block-count=8"
    "memorysetup-main-allocator-block-size=16777216"
    "memorysetup-thread-allocator-block-size=16777216"
    "memorysetup-gfx-main-allocator-block-size=16777216"
    "memorysetup-gfx-thread-allocator-block-size=16777216"
    "memorysetup-cache-allocator-block-size=4194304"
    "memorysetup-typetree-allocator-block-size=2097152"
    "memorysetup-profiler-bucket-allocator-granularity=16"
    "memorysetup-profiler-bucket-allocator-bucket-count=8"
    "memorysetup-profiler-bucket-allocator-block-size=33554432"
    "memorysetup-profiler-bucket-allocator-block-count=8"
    "memorysetup-profiler-allocator-block-size=16777216"
    "memorysetup-profiler-editor-allocator-block-size=1048576"
    "memorysetup-temp-allocator-size-main=16777216"
    "memorysetup-job-temp-allocator-block-size=2097152"
    "memorysetup-job-temp-allocator-block-size-background=1048576"
    "memorysetup-job-temp-allocator-reduction-small-platforms=262144"
    "memorysetup-allocator-temp-initial-block-size-main=262144"
    "memorysetup-allocator-temp-initial-block-size-worker=262144"
    "memorysetup-temp-allocator-size-background-worker=32768"
    "memorysetup-temp-allocator-size-job-worker=262144"
    "memorysetup-temp-allocator-size-preload-manager=33554432"
    "memorysetup-temp-allocator-size-nav-mesh-worker=65536"
    "memorysetup-temp-allocator-size-audio-worker=65536"
    "memorysetup-temp-allocator-size-cloud-worker=32768"
    "memorysetup-temp-allocator-size-gi-baking-worker=262144"
    "memorysetup-temp-allocator-size-gfx=262144"
Player connection [12892] Host "[IP] 67.213.103.21 [Port] 0 [Flags] 2 [Guid] 4103533569 [EditorId] 4103533569 [Version] 1048832 [Id] WindowsEditor(7,DESKTOP-3KCVIV0) [Debug] 1 [PackageName] WindowsEditor [ProjectName] Editor" joined multi-casting on [225.0.0.222:54997]...

Player connection [12892] Host "[IP] 67.213.103.21 [Port] 0 [Flags] 2 [Guid] 4103533569 [EditorId] 4103533569 [Version] 1048832 [Id] WindowsEditor(7,DESKTOP-3KCVIV0) [Debug] 1 [PackageName] WindowsEditor [ProjectName] Editor" joined alternative multi-casting on [225.0.0.222:34997]...

[Physics::Module] Initialized MultithreadedJobDispatcher with 15 workers.
Refreshing native plugins compatible for Editor in 4.77 ms, found 3 plugins.
Preloading 0 native plugins for Editor in 0.00 ms.
Initialize engine version: 2022.3.22f1 (887be4894c44)
[Subsystems] Discovering subsystems at path C:/Program Files/Unity/Hub/Editor/2022.3.22f1/Editor/Data/Resources/UnitySubsystems
[Subsystems] Discovering subsystems at path D:/GDP1/Group Project/info6024finalproj/info6024Group2FinalProj/My project/Assets
GfxDevice: creating device client; threaded=0; jobified=0
Direct3D:
    Version:  Direct3D 11.0 [level 11.1]
    Renderer: NVIDIA GeForce RTX 3060 (ID=0x2504)
    Vendor:   NVIDIA
    VRAM:     12115 MB
    Driver:   31.0.15.5134
Initialize mono
Mono path[0] = 'C:/Program Files/Unity/Hub/Editor/2022.3.22f1/Editor/Data/Managed'
Mono path[1] = 'C:/Program Files/Unity/Hub/Editor/2022.3.22f1/Editor/Data/MonoBleedingEdge/lib/mono/unityjit-win32'
Mono config path = 'C:/Program Files/Unity/Hub/Editor/2022.3.22f1/Editor/Data/MonoBleedingEdge/etc'
Using monoOptions --debugger-agent=transport=dt_socket,embedding=1,server=y,suspend=n,address=127.0.0.1:56136
Begin MonoManager ReloadAssembly
Registering precompiled unity dll's ...
Register platform support module: C:/Program Files/Unity/Hub/Editor/2022.3.22f1/Editor/Data/PlaybackEngines/WebGLSupport/UnityEditor.WebGL.Extensions.dll
Register platform support module: C:/Program Files/Unity/Hub/Editor/2022.3.22f1/Editor/Data/PlaybackEngines/WindowsStandaloneSupport/UnityEditor.WindowsStandalone.Extensions.dll
Registered in 0.007848 seconds.
- Loaded All Assemblies, in  0.304 seconds
Native extension for WindowsStandalone target not found
Native extension for WebGL target not found
Mono: successfully reloaded assembly
- Finished resetting the current domain, in  0.215 seconds
Domain Reload Profiling: 518ms
	BeginReloadAssembly (101ms)
		ExecutionOrderSort (0ms)
		DisableScriptedObjects (0ms)
		BackupInstance (0ms)
		ReleaseScriptingObjects (0ms)
		CreateAndSetChildDomain (1ms)
	RebuildCommonClasses (26ms)
	RebuildNativeTypeToScriptingClass (14ms)
	initialDomainReloadingComplete (49ms)
	LoadAllAssembliesAndSetupDomain (112ms)
		LoadAssemblies (99ms)
		RebuildTransferFunctionScriptingTraits (0ms)
		AnalyzeDomain (110ms)
			TypeCache.Refresh (109ms)
				TypeCache.ScanAssembly (98ms)
			ScanForSourceGeneratedMonoScriptInfo (0ms)
			ResolveRequiredComponents (0ms)
	FinalizeReload (216ms)
		ReleaseScriptCaches (0ms)
		RebuildScriptCaches (0ms)
		SetupLoadedEditorAssemblies (168ms)
			LogAssemblyErrors (0ms)
			InitializePlatformSupportModulesInManaged (8ms)
			SetLoadedEditorAssemblies (4ms)
			RefreshPlugins (0ms)
			BeforeProcessingInitializeOnLoad (2ms)
			ProcessInitializeOnLoadAttributes (119ms)
			ProcessInitializeOnLoadMethodAttributes (36ms)
			AfterProcessingInitializeOnLoad (0ms)
			EditorAssembliesLoaded (0ms)
		ExecutionOrderSort2 (0ms)
		AwakeInstancesAfterBackupRestoration (0ms)
========================================================================
Worker process is ready to serve import requests
Begin MonoManager ReloadAssembly
- Loaded All Assemblies, in  0.673 seconds
Refreshing native plugins compatible for Editor in 1.62 ms, found 3 plugins.
Native extension for WindowsStandalone target not found
Native extension for WebGL target not found
Package Manager log level set to [2]
[Package Manager] Server::EnsureServerProcessIsRunning -- launch failed, reason: Unity was launched with the -noUpm command-line argument
[Package Manager] UpmClient::Send -- Unable to send message (not connected to UPM process).
[Package Manager] Cannot connect to Unity Package Manager local server
Mono: successfully reloaded assembly
- Finished resetting the current domain, in  0.562 seconds
Domain Reload Profiling: 1233ms
	BeginReloadAssembly (126ms)
		ExecutionOrderSort (0ms)
		DisableScriptedObjects (4ms)
		BackupInstance (0ms)
		ReleaseScriptingObjects (0ms)
		CreateAndSetChildDomain (17ms)
	RebuildCommonClasses (43ms)
	RebuildNativeTypeToScriptingClass (11ms)
	initialDomainReloadingComplete (49ms)
	LoadAllAssembliesAndSetupDomain (442ms)
		LoadAssemblies (342ms)
		RebuildTransferFunctionScriptingTraits (0ms)
		AnalyzeDomain (175ms)
			TypeCache.Refresh (155ms)
				TypeCache.ScanAssembly (141ms)
			ScanForSourceGeneratedMonoScriptInfo (12ms)
			ResolveRequiredComponents (5ms)
	FinalizeReload (562ms)
		ReleaseScriptCaches (0ms)
		RebuildScriptCaches (0ms)
		SetupLoadedEditorAssemblies (415ms)
			LogAssemblyErrors (0ms)
			InitializePlatformSupportModulesInManaged (6ms)
			SetLoadedEditorAssemblies (4ms)
			RefreshPlugins (0ms)
			BeforeProcessingInitializeOnLoad (62ms)
			ProcessInitializeOnLoadAttributes (318ms)
			ProcessInitializeOnLoadMethodAttributes (19ms)
			AfterProcessingInitializeOnLoad (6ms)
			EditorAssembliesLoaded (0ms)
		ExecutionOrderSort2 (0ms)
		AwakeInstancesAfterBackupRestoration (5ms)
Launched and connected shader compiler UnityShaderCompiler.exe after 0.03 seconds
Refreshing native plugins compatible for Editor in 1.82 ms, found 3 plugins.
Preloading 0 native plugins for Editor in 0.00 ms.
Unloading 3263 Unused Serialized files (Serialized files now loaded: 0)
Unloading 45 unused Assets / (130.3 KB). Loaded Objects now: 3724.
Memory consumption went from 125.7 MB to 125.5 MB.
Total: 3.707400 ms (FindLiveObjects: 0.199800 ms CreateObjectMapping: 0.100100 ms MarkObjects: 3.290100 ms  DeleteObjects: 0.116200 ms)

AssetImportParameters requested are different than current active one (requested -> active):
  custom:container-demuxer-ogg: 62fdf1f143b41e24485cea50d1cbac27 -> 
  custom:video-codec-MediaFoundation-h265: 746d11721c4dcdbdad8f713fa42b33f4 -> 
  custom:video-decoder-ogg-theora: a1e56fd34408186e4bbccfd4996cb3dc -> 
  custom:framework-win-MediaFoundation: 216162199b28c13a410421893ffa2e32 -> 
  custom:CustomObjectIndexerAttribute: 9a22284fe3817be447336de3de66b15e -> 
  custom:container-demuxer-webm: 4f35f7cbe854078d1ac9338744f61a02 -> 
  custom:container-muxer-webm: aa71ff27fc2769a1b78a27578f13a17b -> 
  custom:video-decoder-webm-vp8: 9c59270c3fd7afecdb556c50c9e8de78 -> 
  custom:SearchIndexIgnoredProperties: e643bd26f0fe6173181afceb89e7c659 -> 
  custom:AudioImporter_EditorPlatform: d09bf68614088b80899f8185d706f6e7 -> 
  custom:video-encoder-webm-vp8: eb34c28f22e8b96e1ab97ce403110664 -> 
  custom:audio-decoder-ogg-vorbis: bf7c407c2cedff20999df2af8eb42d56 -> 
  custom:audio-encoder-webm-vorbis: bf7c407c2cedff20999df2af8eb42d56 -> 
========================================================================
Received Import Request.
  Time since last request: 94875.105399 seconds.
  path: Assets/Models/low poly scawenger.fbx
  artifactKey: Guid(b81aec9a215921e4082799f78c92860c) Importer(2089858483,0ecaa5967403d082aa24f35e1b516d23)
Start importing Assets/Models/low poly scawenger.fbx using Guid(b81aec9a215921e4082799f78c92860c) Importer(2089858483,0ecaa5967403d082aa24f35e1b516d23)  -> (artifact id: '27fcf21f4992c5f796b41e74af3f1751') in 0.273444 seconds
Number of updated asset objects reloaded before import = 0
Number of asset objects unloaded after import = 1091
========================================================================
Received Import Request.
  Time since last request: 0.000036 seconds.
  path: Assets/Models/pillar.fbx
  artifactKey: Guid(ca61658354facfa46b76b73a159d5c5d) Importer(2089858483,0ecaa5967403d082aa24f35e1b516d23)
Start importing Assets/Models/pillar.fbx using Guid(ca61658354facfa46b76b73a159d5c5d) Importer(2089858483,0ecaa5967403d082aa24f35e1b516d23)  -> (artifact id: '6f06b03e93fda77738fd757daef793ae') in 0.095992 seconds
Number of updated asset objects reloaded before import = 0
Number of asset objects unloaded after import = 7
========================================================================
Received Import Request.
  Time since last request: 0.000012 seconds.
  path: Assets/Materials/Mug_BaseColor.png
  artifactKey: Guid(e22dcf9a3e0ae5f46ac1f2286a2415ba) Importer(2089858483,0ecaa5967403d082aa24f35e1b516d23)
Start importing Assets/Materials/Mug_BaseColor.png using Guid(e22dcf9a3e0ae5f46ac1f2286a2415ba) Importer(2089858483,0ecaa5967403d082aa24f35e1b516d23)  -> (artifact id: 'e1a37048c83eb251e3ed6ca2c54044ee') in 0.218347 seconds
Number of updated asset objects reloaded before import = 0
Number of asset objects unloaded after import = 1
========================================================================
Received Import Request.
  Time since last request: 0.000025 seconds.
  path: Assets/Materials/Materials/New Material.mat
  artifactKey: Guid(150038ba32025cb4ca3f64c7656c8755) Importer(2089858483,0ecaa5967403d082aa24f35e1b516d23)
Start importing Assets/Materials/Materials/New Material.mat using Guid(150038ba32025cb4ca3f64c7656c8755) Importer(2089858483,0ecaa5967403d082aa24f35e1b516d23)  -> (artifact id: 'ce220626b9baa6faf1af3123442ea27d') in 0.231207 seconds
Number of updated asset objects reloaded before import = 0
Number of asset objects unloaded after import = 1
========================================================================
Received Import Request.
  Time since last request: 0.000026 seconds.
  path: Assets/Materials/Materials/Dungeons_2_Texture_01_A 11.mat
  artifactKey: Guid(3ef4825bcde2e2d47a02d43f0462a03e) Importer(2089858483,0ecaa5967403d082aa24f35e1b516d23)
Start importing Assets/Materials/Materials/Dungeons_2_Texture_01_A 11.mat using Guid(3ef4825bcde2e2d47a02d43f0462a03e) Importer(2089858483,0ecaa5967403d082aa24f35e1b516d23)  -> (artifact id: '16aca519ee7f6a51d505bc5967686682') in 0.029989 seconds
Number of updated asset objects reloaded before import = 0
Number of asset objects unloaded after import = 2
========================================================================
Received Import Request.
  Time since last request: 0.000015 seconds.
  path: Assets/Models/orepile2.fbx
  artifactKey: Guid(5fe2ea39e14bf634f9887b9ab6cf8e42) Importer(2089858483,0ecaa5967403d082aa24f35e1b516d23)
Start importing Assets/Models/orepile2.fbx using Guid(5fe2ea39e14bf634f9887b9ab6cf8e42) Importer(2089858483,0ecaa5967403d082aa24f35e1b516d23)  -> (artifact id: '530c79221b71b563597ddfcddba08d82') in 0.117249 seconds
Number of updated asset objects reloaded before import = 0
Number of asset objects unloaded after import = 7
========================================================================
Received Import Request.
  Time since last request: 0.000012 seconds.
  path: Assets/Models/chest.fbx
  artifactKey: Guid(8d1c78d3c6420c64ba3f554d90aa35f9) Importer(2089858483,0ecaa5967403d082aa24f35e1b516d23)
Start importing Assets/Models/chest.fbx using Guid(8d1c78d3c6420c64ba3f554d90aa35f9) Importer(2089858483,0ecaa5967403d082aa24f35e1b516d23)  -> (artifact id: 'e01721735204a3cc2ffa2da93f1dfbf6') in 0.183917 seconds
Number of updated asset objects reloaded before import = 0
Number of asset objects unloaded after import = 27
========================================================================
Received Import Request.
  Time since last request: 0.000020 seconds.
  path: Assets/Models/crystalCluster3.fbx
  artifactKey: Guid(e34397f98af495e4cbf324c1df0c666e) Importer(2089858483,0ecaa5967403d082aa24f35e1b516d23)
Start importing Assets/Models/crystalCluster3.fbx using Guid(e34397f98af495e4cbf324c1df0c666e) Importer(2089858483,0ecaa5967403d082aa24f35e1b516d23)  -> (artifact id: '321c2b44616b4ac511fcc42f78a3d04e') in 0.026630 seconds
Number of updated asset objects reloaded before import = 0
Number of asset objects unloaded after import = 7
========================================================================
Received Import Request.
  Time since last request: 0.000020 seconds.
  path: Assets/Materials/Materials/Dungeons_2_Texture_01_A 2.mat
  artifactKey: Guid(1d367e4564e9fa349a6b46e388829541) Importer(2089858483,0ecaa5967403d082aa24f35e1b516d23)
Start importing Assets/Materials/Materials/Dungeons_2_Texture_01_A 2.mat using Guid(1d367e4564e9fa349a6b46e388829541) Importer(2089858483,0ecaa5967403d082aa24f35e1b516d23)  -> (artifact id: '5b4168208d316f73c888aea92f10a53e') in 0.038914 seconds
Number of updated asset objects reloaded before import = 0
Number of asset objects unloaded after import = 3
========================================================================
Received Import Request.
  Time since last request: 0.000020 seconds.
  path: Assets/Materials/Materials/lambert1_Base_color.mat
  artifactKey: Guid(9967183758689044f98ab7843266bd1e) Importer(2089858483,0ecaa5967403d082aa24f35e1b516d23)
Start importing Assets/Materials/Materials/lambert1_Base_color.mat using Guid(9967183758689044f98ab7843266bd1e) Importer(2089858483,0ecaa5967403d082aa24f35e1b516d23)  -> (artifact id: 'a6f9a8703374c5c97435e444cda47131') in 0.022908 seconds
Number of updated asset objects reloaded before import = 0
Number of asset objects unloaded after import = 2
========================================================================
Received Import Request.
  Time since last request: 0.000015 seconds.
  path: Assets/Models/numbers.fbx
  artifactKey: Guid(3e896d9c21b964c4f814d341159566b7) Importer(2089858483,0ecaa5967403d082aa24f35e1b516d23)
Start importing Assets/Models/numbers.fbx using Guid(3e896d9c21b964c4f814d341159566b7) Importer(2089858483,0ecaa5967403d082aa24f35e1b516d23)  -> (artifact id: '79459750ba6210291bc0de46b72dbb89') in 0.024300 seconds
Number of updated asset objects reloaded before import = 0
Number of asset objects unloaded after import = 7
========================================================================
Received Import Request.
  Time since last request: 0.000014 seconds.
  path: Assets/Materials/Sunsword_Diffuse.tga
  artifactKey: Guid(3dcbe40f4ebbc544db3c0af9a6a3b4d3) Importer(2089858483,0ecaa5967403d082aa24f35e1b516d23)
Start importing Assets/Materials/Sunsword_Diffuse.tga using Guid(3dcbe40f4ebbc544db3c0af9a6a3b4d3) Importer(2089858483,0ecaa5967403d082aa24f35e1b516d23)  -> (artifact id: '3d23824a283e522e1b80db58045f0296') in 0.624823 seconds
Number of updated asset objects reloaded before import = 0
Number of asset objects unloaded after import = 1
========================================================================
Received Import Request.
  Time since last request: 0.000018 seconds.
  path: Assets/Models/rusty_sword.3DS
  artifactKey: Guid(7dcf404da3fa8b442b5e82fce927e66a) Importer(2089858483,0ecaa5967403d082aa24f35e1b516d23)
Start importing Assets/Models/rusty_sword.3DS using Guid(7dcf404da3fa8b442b5e82fce927e66a) Importer(2089858483,0ecaa5967403d082aa24f35e1b516d23)  -> (artifact id: '3e94b5f0663c810cbd8ec402a7a68a79') in 0.289183 seconds
Number of updated asset objects reloaded before import = 0
Number of asset objects unloaded after import = 8
========================================================================
Received Import Request.
  Time since last request: 0.000030 seconds.
  path: Assets/Models/Mug.fbx
  artifactKey: Guid(2a8d61170affdb342bb50fc198fdabbe) Importer(2089858483,0ecaa5967403d082aa24f35e1b516d23)
Start importing Assets/Models/Mug.fbx using Guid(2a8d61170affdb342bb50fc198fdabbe) Importer(2089858483,0ecaa5967403d082aa24f35e1b516d23)  -> (artifact id: '4d1bf854b35cb0e98655b660e88b6dec') in 0.318319 seconds
Number of updated asset objects reloaded before import = 0
Number of asset objects unloaded after import = 21
========================================================================
Received Import Request.
  Time since last request: 0.000016 seconds.
  path: Assets/Materials/WARRIORS_MACE_SUNKEN_COLOR_2K.PNG
  artifactKey: Guid(a755a13ab08f8584f84f7b02498b599b) Importer(2089858483,0ecaa5967403d082aa24f35e1b516d23)
Start importing Assets/Materials/WARRIORS_MACE_SUNKEN_COLOR_2K.PNG using Guid(a755a13ab08f8584f84f7b02498b599b) Importer(2089858483,0ecaa5967403d082aa24f35e1b516d23)  -> (artifact id: '60096c3bf8822d4f53a001fcd0e7cfe8') in 0.035446 seconds
Number of updated asset objects reloaded before import = 0
Number of asset objects unloaded after import = 1
========================================================================
Received Import Request.
  Time since last request: 0.000021 seconds.
  path: Assets/Materials/BeerBarrel_Albedo.png
  artifactKey: Guid(32057764f9946d446bab39f9ace62b11) Importer(2089858483,0ecaa5967403d082aa24f35e1b516d23)
Start importing Assets/Materials/BeerBarrel_Albedo.png using Guid(32057764f9946d446bab39f9ace62b11) Importer(2089858483,0ecaa5967403d082aa24f35e1b516d23)  -> (artifact id: '3db55f3b32624c3231fb16d47284d35a') in 0.038315 seconds
Number of updated asset objects reloaded before import = 0
Number of asset objects unloaded after import = 1
========================================================================
Received Import Request.
  Time since last request: 0.000012 seconds.
  path: Assets/Materials/Materials/KeypadDoorLockAO.mat
  artifactKey: Guid(f60a1a0cc2bb2eb41b2856a734780860) Importer(2089858483,0ecaa5967403d082aa24f35e1b516d23)
Start importing Assets/Materials/Materials/KeypadDoorLockAO.mat using Guid(f60a1a0cc2bb2eb41b2856a734780860) Importer(2089858483,0ecaa5967403d082aa24f35e1b516d23)  -> (artifact id: '1a17f2053522e4bbdb16a0e83b862221') in 0.073178 seconds
Number of updated asset objects reloaded before import = 0
Number of asset objects unloaded after import = 1
========================================================================
Received Import Request.
  Time since last request: 0.000021 seconds.
  path: Assets/Scripts/PlayerMovement.cs
  artifactKey: Guid(fef7e5f6f8565e1438947a9753b9f33d) Importer(2089858483,0ecaa5967403d082aa24f35e1b516d23)
Start importing Assets/Scripts/PlayerMovement.cs using Guid(fef7e5f6f8565e1438947a9753b9f33d) Importer(2089858483,0ecaa5967403d082aa24f35e1b516d23)  -> (artifact id: '8a844e76e55a4c1f5287ce0780a30504') in 0.174631 seconds
Number of updated asset objects reloaded before import = 0
Number of asset objects unloaded after import = 1
========================================================================
Received Import Request.
  Time since last request: 0.000016 seconds.
  path: Assets/Models/WARRIORS_MACE.fbx
  artifactKey: Guid(2885cce22634bce4088c1dd21bce2717) Importer(2089858483,0ecaa5967403d082aa24f35e1b516d23)
Start importing Assets/Models/WARRIORS_MACE.fbx using Guid(2885cce22634bce4088c1dd21bce2717) Importer(2089858483,0ecaa5967403d082aa24f35e1b516d23)  -> (artifact id: '01ea974c39d621e00a67567623cb12da') in 0.116573 seconds
Number of updated asset objects reloaded before import = 0
Number of asset objects unloaded after import = 8
Editor requested this worker to shutdown with reason: Scaling down because of idle timeout
TcpMessagingSession - receive error: operation aborted. errorcode: 995, details: The I/O operation has been aborted because of either a thread exit or an application request.
AssetImportWorker is now disconnected from the server
Process exiting
Exiting without the bug reporter. Application will terminate with return code 0