Using pre-set license
Built from '2022.3/staging' branch; Version is '2022.3.22f1 (887be4894c44) revision 8944612'; Using compiler version '192829333'; Build Type 'Release'
OS: 'Windows 11  (10.0.22631) 64bit Core' Language: 'en' Physical Memory: 16166 MB
BatchMode: 1, IsHumanControllingUs: 0, StartBugReporterOnCrash: 0, Is64bit: 1, IsPro: 1

COMMAND LINE ARGUMENTS:
C:\Program Files\Unity\Hub\Editor\2022.3.22f1\Editor\Unity.exe
-adb2
-batchMode
-noUpm
-name
AssetImportWorker3
-projectPath
D:/GDP1/Group Project/info6024finalproj/info6024Group2FinalProj/My project
-logFile
Logs/AssetImportWorker3.log
-srvPort
63772
Successfully changed project path to: D:/GDP1/Group Project/info6024finalproj/info6024Group2FinalProj/My project
D:/GDP1/Group Project/info6024finalproj/info6024Group2FinalProj/My project
[UnityMemory] Configuration Parameters - Can be set up in boot.config
    "memorysetup-bucket-allocator-granularity=16"
    "memorysetup-bucket-allocator-bucket-count=8"
    "memorysetup-bucket-allocator-block-size=33554432"
    "memorysetup-bucket-allocator-block-count=8"
    "memorysetup-main-allocator-block-size=16777216"
    "memorysetup-thread-allocator-block-size=16777216"
    "memorysetup-gfx-main-allocator-block-size=16777216"
    "memorysetup-gfx-thread-allocator-block-size=16777216"
    "memorysetup-cache-allocator-block-size=4194304"
    "memorysetup-typetree-allocator-block-size=2097152"
    "memorysetup-profiler-bucket-allocator-granularity=16"
    "memorysetup-profiler-bucket-allocator-bucket-count=8"
    "memorysetup-profiler-bucket-allocator-block-size=33554432"
    "memorysetup-profiler-bucket-allocator-block-count=8"
    "memorysetup-profiler-allocator-block-size=16777216"
    "memorysetup-profiler-editor-allocator-block-size=1048576"
    "memorysetup-temp-allocator-size-main=16777216"
    "memorysetup-job-temp-allocator-block-size=2097152"
    "memorysetup-job-temp-allocator-block-size-background=1048576"
    "memorysetup-job-temp-allocator-reduction-small-platforms=262144"
    "memorysetup-allocator-temp-initial-block-size-main=262144"
    "memorysetup-allocator-temp-initial-block-size-worker=262144"
    "memorysetup-temp-allocator-size-background-worker=32768"
    "memorysetup-temp-allocator-size-job-worker=262144"
    "memorysetup-temp-allocator-size-preload-manager=33554432"
    "memorysetup-temp-allocator-size-nav-mesh-worker=65536"
    "memorysetup-temp-allocator-size-audio-worker=65536"
    "memorysetup-temp-allocator-size-cloud-worker=32768"
    "memorysetup-temp-allocator-size-gi-baking-worker=262144"
    "memorysetup-temp-allocator-size-gfx=262144"
Player connection [15872] Host "[IP] 67.213.103.21 [Port] 0 [Flags] 2 [Guid] 2013165462 [EditorId] 2013165462 [Version] 1048832 [Id] WindowsEditor(7,DESKTOP-3KCVIV0) [Debug] 1 [PackageName] WindowsEditor [ProjectName] Editor" joined multi-casting on [225.0.0.222:54997]...

Player connection [15872] Host "[IP] 67.213.103.21 [Port] 0 [Flags] 2 [Guid] 2013165462 [EditorId] 2013165462 [Version] 1048832 [Id] WindowsEditor(7,DESKTOP-3KCVIV0) [Debug] 1 [PackageName] WindowsEditor [ProjectName] Editor" joined alternative multi-casting on [225.0.0.222:34997]...

[Physics::Module] Initialized MultithreadedJobDispatcher with 15 workers.
Refreshing native plugins compatible for Editor in 4.78 ms, found 3 plugins.
Preloading 0 native plugins for Editor in 0.00 ms.
Initialize engine version: 2022.3.22f1 (887be4894c44)
[Subsystems] Discovering subsystems at path C:/Program Files/Unity/Hub/Editor/2022.3.22f1/Editor/Data/Resources/UnitySubsystems
[Subsystems] Discovering subsystems at path D:/GDP1/Group Project/info6024finalproj/info6024Group2FinalProj/My project/Assets
GfxDevice: creating device client; threaded=0; jobified=0
Direct3D:
    Version:  Direct3D 11.0 [level 11.1]
    Renderer: NVIDIA GeForce RTX 3060 (ID=0x2504)
    Vendor:   NVIDIA
    VRAM:     12115 MB
    Driver:   31.0.15.5134
Initialize mono
Mono path[0] = 'C:/Program Files/Unity/Hub/Editor/2022.3.22f1/Editor/Data/Managed'
Mono path[1] = 'C:/Program Files/Unity/Hub/Editor/2022.3.22f1/Editor/Data/MonoBleedingEdge/lib/mono/unityjit-win32'
Mono config path = 'C:/Program Files/Unity/Hub/Editor/2022.3.22f1/Editor/Data/MonoBleedingEdge/etc'
Using monoOptions --debugger-agent=transport=dt_socket,embedding=1,server=y,suspend=n,address=127.0.0.1:56772
Begin MonoManager ReloadAssembly
Registering precompiled unity dll's ...
Register platform support module: C:/Program Files/Unity/Hub/Editor/2022.3.22f1/Editor/Data/PlaybackEngines/WebGLSupport/UnityEditor.WebGL.Extensions.dll
Register platform support module: C:/Program Files/Unity/Hub/Editor/2022.3.22f1/Editor/Data/PlaybackEngines/WindowsStandaloneSupport/UnityEditor.WindowsStandalone.Extensions.dll
Registered in 0.008318 seconds.
- Loaded All Assemblies, in  0.316 seconds
Native extension for WindowsStandalone target not found
Native extension for WebGL target not found
Mono: successfully reloaded assembly
- Finished resetting the current domain, in  0.215 seconds
Domain Reload Profiling: 530ms
	BeginReloadAssembly (96ms)
		ExecutionOrderSort (0ms)
		DisableScriptedObjects (0ms)
		BackupInstance (0ms)
		ReleaseScriptingObjects (0ms)
		CreateAndSetChildDomain (1ms)
	RebuildCommonClasses (33ms)
	RebuildNativeTypeToScriptingClass (9ms)
	initialDomainReloadingComplete (52ms)
	LoadAllAssembliesAndSetupDomain (124ms)
		LoadAssemblies (94ms)
		RebuildTransferFunctionScriptingTraits (0ms)
		AnalyzeDomain (123ms)
			TypeCache.Refresh (122ms)
				TypeCache.ScanAssembly (111ms)
			ScanForSourceGeneratedMonoScriptInfo (0ms)
			ResolveRequiredComponents (0ms)
	FinalizeReload (215ms)
		ReleaseScriptCaches (0ms)
		RebuildScriptCaches (0ms)
		SetupLoadedEditorAssemblies (168ms)
			LogAssemblyErrors (0ms)
			InitializePlatformSupportModulesInManaged (8ms)
			SetLoadedEditorAssemblies (4ms)
			RefreshPlugins (0ms)
			BeforeProcessingInitializeOnLoad (2ms)
			ProcessInitializeOnLoadAttributes (117ms)
			ProcessInitializeOnLoadMethodAttributes (38ms)
			AfterProcessingInitializeOnLoad (0ms)
			EditorAssembliesLoaded (0ms)
		ExecutionOrderSort2 (0ms)
		AwakeInstancesAfterBackupRestoration (0ms)
========================================================================
Worker process is ready to serve import requests
Begin MonoManager ReloadAssembly
- Loaded All Assemblies, in  0.704 seconds
Refreshing native plugins compatible for Editor in 2.42 ms, found 3 plugins.
Native extension for WindowsStandalone target not found
Native extension for WebGL target not found
Package Manager log level set to [2]
[Package Manager] Server::EnsureServerProcessIsRunning -- launch failed, reason: Unity was launched with the -noUpm command-line argument
[Package Manager] UpmClient::Send -- Unable to send message (not connected to UPM process).
[Package Manager] Cannot connect to Unity Package Manager local server
Mono: successfully reloaded assembly
- Finished resetting the current domain, in  0.551 seconds
Domain Reload Profiling: 1253ms
	BeginReloadAssembly (144ms)
		ExecutionOrderSort (0ms)
		DisableScriptedObjects (4ms)
		BackupInstance (0ms)
		ReleaseScriptingObjects (0ms)
		CreateAndSetChildDomain (22ms)
	RebuildCommonClasses (53ms)
	RebuildNativeTypeToScriptingClass (12ms)
	initialDomainReloadingComplete (34ms)
	LoadAllAssembliesAndSetupDomain (458ms)
		LoadAssemblies (359ms)
		RebuildTransferFunctionScriptingTraits (0ms)
		AnalyzeDomain (182ms)
			TypeCache.Refresh (157ms)
				TypeCache.ScanAssembly (143ms)
			ScanForSourceGeneratedMonoScriptInfo (13ms)
			ResolveRequiredComponents (10ms)
	FinalizeReload (551ms)
		ReleaseScriptCaches (0ms)
		RebuildScriptCaches (0ms)
		SetupLoadedEditorAssemblies (402ms)
			LogAssemblyErrors (0ms)
			InitializePlatformSupportModulesInManaged (6ms)
			SetLoadedEditorAssemblies (4ms)
			RefreshPlugins (0ms)
			BeforeProcessingInitializeOnLoad (53ms)
			ProcessInitializeOnLoadAttributes (308ms)
			ProcessInitializeOnLoadMethodAttributes (25ms)
			AfterProcessingInitializeOnLoad (6ms)
			EditorAssembliesLoaded (0ms)
		ExecutionOrderSort2 (0ms)
		AwakeInstancesAfterBackupRestoration (5ms)
Launched and connected shader compiler UnityShaderCompiler.exe after 0.03 seconds
Refreshing native plugins compatible for Editor in 1.63 ms, found 3 plugins.
Preloading 0 native plugins for Editor in 0.00 ms.
Unloading 3263 Unused Serialized files (Serialized files now loaded: 0)
Unloading 45 unused Assets / (130.7 KB). Loaded Objects now: 3724.
Memory consumption went from 125.6 MB to 125.5 MB.
Total: 3.764800 ms (FindLiveObjects: 0.272500 ms CreateObjectMapping: 0.171000 ms MarkObjects: 3.125400 ms  DeleteObjects: 0.194500 ms)

AssetImportParameters requested are different than current active one (requested -> active):
  custom:container-demuxer-ogg: 62fdf1f143b41e24485cea50d1cbac27 -> 
  custom:video-codec-MediaFoundation-h265: 746d11721c4dcdbdad8f713fa42b33f4 -> 
  custom:video-decoder-ogg-theora: a1e56fd34408186e4bbccfd4996cb3dc -> 
  custom:framework-win-MediaFoundation: 216162199b28c13a410421893ffa2e32 -> 
  custom:CustomObjectIndexerAttribute: 9a22284fe3817be447336de3de66b15e -> 
  custom:container-demuxer-webm: 4f35f7cbe854078d1ac9338744f61a02 -> 
  custom:container-muxer-webm: aa71ff27fc2769a1b78a27578f13a17b -> 
  custom:video-decoder-webm-vp8: 9c59270c3fd7afecdb556c50c9e8de78 -> 
  custom:SearchIndexIgnoredProperties: e643bd26f0fe6173181afceb89e7c659 -> 
  custom:AudioImporter_EditorPlatform: d09bf68614088b80899f8185d706f6e7 -> 
  custom:video-encoder-webm-vp8: eb34c28f22e8b96e1ab97ce403110664 -> 
  custom:audio-decoder-ogg-vorbis: bf7c407c2cedff20999df2af8eb42d56 -> 
  custom:audio-encoder-webm-vorbis: bf7c407c2cedff20999df2af8eb42d56 -> 
========================================================================
Received Import Request.
  Time since last request: 94875.154541 seconds.
  path: Assets/Scripts/SpinningPuzzlePiece.cs
  artifactKey: Guid(db13ed8a5bf0a0842b36a5c116f66e48) Importer(2089858483,0ecaa5967403d082aa24f35e1b516d23)
Start importing Assets/Scripts/SpinningPuzzlePiece.cs using Guid(db13ed8a5bf0a0842b36a5c116f66e48) Importer(2089858483,0ecaa5967403d082aa24f35e1b516d23)  -> (artifact id: '41778b1bbf0bacea8c341ff15bc9f9b4') in 0.093925 seconds
Number of updated asset objects reloaded before import = 0
Number of asset objects unloaded after import = 1
========================================================================
Received Import Request.
  Time since last request: 0.000023 seconds.
  path: Assets/Models/Wall5.fbx
  artifactKey: Guid(9c1c52b50c7ae5d45bf7f53d3458fd35) Importer(2089858483,0ecaa5967403d082aa24f35e1b516d23)
Start importing Assets/Models/Wall5.fbx using Guid(9c1c52b50c7ae5d45bf7f53d3458fd35) Importer(2089858483,0ecaa5967403d082aa24f35e1b516d23)  -> (artifact id: '2e897fe193fcf1a7cd59b59aa0b6158a') in 0.051543 seconds
Number of updated asset objects reloaded before import = 0
Number of asset objects unloaded after import = 7
========================================================================
Received Import Request.
  Time since last request: 0.000017 seconds.
  path: Assets/Models/crystalCluster4.fbx
  artifactKey: Guid(e869b5d1f70bf1344ada6f82a3d3e586) Importer(2089858483,0ecaa5967403d082aa24f35e1b516d23)
Start importing Assets/Models/crystalCluster4.fbx using Guid(e869b5d1f70bf1344ada6f82a3d3e586) Importer(2089858483,0ecaa5967403d082aa24f35e1b516d23)  -> (artifact id: 'e82fd094e60f81a41fbef3fc255e9d8c') in 0.026387 seconds
Number of updated asset objects reloaded before import = 0
Number of asset objects unloaded after import = 7
========================================================================
Received Import Request.
  Time since last request: 0.000020 seconds.
  path: Assets/Models/crystalCluster2.fbx
  artifactKey: Guid(496f8765cf30eb04b9578d20871e79f5) Importer(2089858483,0ecaa5967403d082aa24f35e1b516d23)
Start importing Assets/Models/crystalCluster2.fbx using Guid(496f8765cf30eb04b9578d20871e79f5) Importer(2089858483,0ecaa5967403d082aa24f35e1b516d23)  -> (artifact id: 'a7c83d02a69010499485bdf0eccb454c') in 0.027577 seconds
Number of updated asset objects reloaded before import = 0
Number of asset objects unloaded after import = 7
========================================================================
Received Import Request.
  Time since last request: 0.000015 seconds.
  path: Assets/Materials/Materials/Dungeons_2_Texture_01_A 7.mat
  artifactKey: Guid(0d86cd3e7a5e1554cbfa652096f28cd0) Importer(2089858483,0ecaa5967403d082aa24f35e1b516d23)
Start importing Assets/Materials/Materials/Dungeons_2_Texture_01_A 7.mat using Guid(0d86cd3e7a5e1554cbfa652096f28cd0) Importer(2089858483,0ecaa5967403d082aa24f35e1b516d23)  -> (artifact id: '006799c950184c64932ba686e381b32e') in 0.034882 seconds
Number of updated asset objects reloaded before import = 0
Number of asset objects unloaded after import = 2
========================================================================
Received Import Request.
  Time since last request: 0.000013 seconds.
  path: Assets/Models/benchFBX.fbx
  artifactKey: Guid(4fbc8a87294a01347ad4a0983d541a5b) Importer(2089858483,0ecaa5967403d082aa24f35e1b516d23)
Start importing Assets/Models/benchFBX.fbx using Guid(4fbc8a87294a01347ad4a0983d541a5b) Importer(2089858483,0ecaa5967403d082aa24f35e1b516d23)  -> (artifact id: '9c7cd7bbd297e249cd83eeaec210ac46') in 0.184934 seconds
Number of updated asset objects reloaded before import = 0
Number of asset objects unloaded after import = 9
========================================================================
Received Import Request.
  Time since last request: 0.000015 seconds.
  path: Assets/Materials/space.jpg
  artifactKey: Guid(9e3ab3946679870498057c929fd8a581) Importer(2089858483,0ecaa5967403d082aa24f35e1b516d23)
Start importing Assets/Materials/space.jpg using Guid(9e3ab3946679870498057c929fd8a581) Importer(2089858483,0ecaa5967403d082aa24f35e1b516d23)  -> (artifact id: 'e5f547df1db2adfdb977f8751398828e') in 0.119581 seconds
Number of updated asset objects reloaded before import = 0
Number of asset objects unloaded after import = 1
========================================================================
Received Import Request.
  Time since last request: 0.000040 seconds.
  path: Assets/Materials/Materials/Diamond.mat
  artifactKey: Guid(aca2d0490a5d69b42afdfaa11691e38d) Importer(2089858483,0ecaa5967403d082aa24f35e1b516d23)
Start importing Assets/Materials/Materials/Diamond.mat using Guid(aca2d0490a5d69b42afdfaa11691e38d) Importer(2089858483,0ecaa5967403d082aa24f35e1b516d23)  -> (artifact id: '87ef952b05cd00458f9e54b348365676') in 0.232435 seconds
Number of updated asset objects reloaded before import = 0
Number of asset objects unloaded after import = 1
========================================================================
Received Import Request.
  Time since last request: 0.000021 seconds.
  path: Assets/Models/grassthin2.fbx
  artifactKey: Guid(3a40e10e6ee0341468b150add4ce9f71) Importer(2089858483,0ecaa5967403d082aa24f35e1b516d23)
Start importing Assets/Models/grassthin2.fbx using Guid(3a40e10e6ee0341468b150add4ce9f71) Importer(2089858483,0ecaa5967403d082aa24f35e1b516d23)  -> (artifact id: '584ae4bc903a69e703845d3188610c71') in 0.034283 seconds
Number of updated asset objects reloaded before import = 0
Number of asset objects unloaded after import = 7
========================================================================
Received Import Request.
  Time since last request: 0.000023 seconds.
  path: Assets/Models/crumbledpillar2.fbx
  artifactKey: Guid(32b70f1e64abde548a7b6d37ed9606b0) Importer(2089858483,0ecaa5967403d082aa24f35e1b516d23)
Start importing Assets/Models/crumbledpillar2.fbx using Guid(32b70f1e64abde548a7b6d37ed9606b0) Importer(2089858483,0ecaa5967403d082aa24f35e1b516d23)  -> (artifact id: '4807081a6d1cbc063e1f4fb1cdc8a593') in 0.024040 seconds
Number of updated asset objects reloaded before import = 0
Number of asset objects unloaded after import = 7
========================================================================
Received Import Request.
  Time since last request: 0.000014 seconds.
  path: Assets/Materials/Materials/Dungeons_2_Texture_01_A 6.mat
  artifactKey: Guid(778e5048ad4362349aa9eebb449ff097) Importer(2089858483,0ecaa5967403d082aa24f35e1b516d23)
Start importing Assets/Materials/Materials/Dungeons_2_Texture_01_A 6.mat using Guid(778e5048ad4362349aa9eebb449ff097) Importer(2089858483,0ecaa5967403d082aa24f35e1b516d23)  -> (artifact id: '51a2ea0db89893eeb864ac76504fdfba') in 0.022321 seconds
Number of updated asset objects reloaded before import = 0
Number of asset objects unloaded after import = 2
========================================================================
Received Import Request.
  Time since last request: 0.000015 seconds.
  path: Assets/Materials/Pickaxe_Albedo.png
  artifactKey: Guid(9698884a88cd03d4d8efd0c5ea21d121) Importer(2089858483,0ecaa5967403d082aa24f35e1b516d23)
Start importing Assets/Materials/Pickaxe_Albedo.png using Guid(9698884a88cd03d4d8efd0c5ea21d121) Importer(2089858483,0ecaa5967403d082aa24f35e1b516d23)  -> (artifact id: '7b7df78dbcf6e9d1db8cc97389ed5f1a') in 0.033777 seconds
Number of updated asset objects reloaded before import = 0
Number of asset objects unloaded after import = 1
========================================================================
Received Import Request.
  Time since last request: 0.000022 seconds.
  path: Assets/Materials/Materials/Dungeons_2_Texture_01_A 5.mat
  artifactKey: Guid(6aecfec57350dc846b7096b3bb9857c7) Importer(2089858483,0ecaa5967403d082aa24f35e1b516d23)
Start importing Assets/Materials/Materials/Dungeons_2_Texture_01_A 5.mat using Guid(6aecfec57350dc846b7096b3bb9857c7) Importer(2089858483,0ecaa5967403d082aa24f35e1b516d23)  -> (artifact id: 'a57a3ea68fc8ab6f5864308672e0e15d') in 0.021326 seconds
Number of updated asset objects reloaded before import = 0
Number of asset objects unloaded after import = 2
========================================================================
Received Import Request.
  Time since last request: 0.000014 seconds.
  path: Assets/Materials/Materials/granite.mat
  artifactKey: Guid(dd7db5d91001f584e8e23bd7c4986983) Importer(2089858483,0ecaa5967403d082aa24f35e1b516d23)
Start importing Assets/Materials/Materials/granite.mat using Guid(dd7db5d91001f584e8e23bd7c4986983) Importer(2089858483,0ecaa5967403d082aa24f35e1b516d23)  -> (artifact id: '6eb6280de7a74c2a2a1869331c4d2967') in 0.028200 seconds
Number of updated asset objects reloaded before import = 0
Number of asset objects unloaded after import = 2
========================================================================
Received Import Request.
  Time since last request: 0.000018 seconds.
  path: Assets/Materials/Materials/New Material 2.mat
  artifactKey: Guid(e0d8b33be8258474caa84d7934243224) Importer(2089858483,0ecaa5967403d082aa24f35e1b516d23)
Start importing Assets/Materials/Materials/New Material 2.mat using Guid(e0d8b33be8258474caa84d7934243224) Importer(2089858483,0ecaa5967403d082aa24f35e1b516d23)  -> (artifact id: '0f9da95ecb0facc3e444043809964f47') in 0.022996 seconds
Number of updated asset objects reloaded before import = 0
Number of asset objects unloaded after import = 1
========================================================================
Received Import Request.
  Time since last request: 0.000022 seconds.
  path: Assets/Models/Pickaxe.fbx
  artifactKey: Guid(e830525b234f420458f737e13358502d) Importer(2089858483,0ecaa5967403d082aa24f35e1b516d23)
Start importing Assets/Models/Pickaxe.fbx using Guid(e830525b234f420458f737e13358502d) Importer(2089858483,0ecaa5967403d082aa24f35e1b516d23)  -> (artifact id: '28670db5c10696ae0331659aff8aa63e') in 0.141753 seconds
Number of updated asset objects reloaded before import = 0
Number of asset objects unloaded after import = 9
========================================================================
Received Import Request.
  Time since last request: 0.000020 seconds.
  path: Assets/Materials/Materials/darkRock.mat
  artifactKey: Guid(2c59e7262591b314f923b4162dd239f3) Importer(2089858483,0ecaa5967403d082aa24f35e1b516d23)
Start importing Assets/Materials/Materials/darkRock.mat using Guid(2c59e7262591b314f923b4162dd239f3) Importer(2089858483,0ecaa5967403d082aa24f35e1b516d23)  -> (artifact id: '4f5c2c585c7e15ee3ca843106c73e2db') in 0.026644 seconds
Number of updated asset objects reloaded before import = 0
Number of asset objects unloaded after import = 2
========================================================================
Received Import Request.
  Time since last request: 0.000023 seconds.
  path: Assets/Models/grass.fbx
  artifactKey: Guid(24391a09a7896874fb4e998fff50e14f) Importer(2089858483,0ecaa5967403d082aa24f35e1b516d23)
Start importing Assets/Models/grass.fbx using Guid(24391a09a7896874fb4e998fff50e14f) Importer(2089858483,0ecaa5967403d082aa24f35e1b516d23)  -> (artifact id: '280beaf5e8919e0037dfa82abaab4248') in 0.039518 seconds
Number of updated asset objects reloaded before import = 0
Number of asset objects unloaded after import = 7
========================================================================
Received Import Request.
  Time since last request: 0.000018 seconds.
  path: Assets/Materials/Materials/Dungeons_2_Texture_01_A 4.mat
  artifactKey: Guid(2235119519876d04aadd2f2b3f20bc95) Importer(2089858483,0ecaa5967403d082aa24f35e1b516d23)
Start importing Assets/Materials/Materials/Dungeons_2_Texture_01_A 4.mat using Guid(2235119519876d04aadd2f2b3f20bc95) Importer(2089858483,0ecaa5967403d082aa24f35e1b516d23)  -> (artifact id: '1197dd3357c25ee21c88e4ab2194f5c1') in 0.026250 seconds
Number of updated asset objects reloaded before import = 0
Number of asset objects unloaded after import = 2
========================================================================
Received Import Request.
  Time since last request: 0.000018 seconds.
  path: Assets/Materials/Materials/Gold_Diffuse.mat
  artifactKey: Guid(1c11be9b6adcb074daa235f5e3c12605) Importer(2089858483,0ecaa5967403d082aa24f35e1b516d23)
Start importing Assets/Materials/Materials/Gold_Diffuse.mat using Guid(1c11be9b6adcb074daa235f5e3c12605) Importer(2089858483,0ecaa5967403d082aa24f35e1b516d23)  -> (artifact id: '67f1aa0ccb1d974e0f32255ccdbb4f8b') in 0.014983 seconds
Number of updated asset objects reloaded before import = 0
Number of asset objects unloaded after import = 2
========================================================================
Received Import Request.
  Time since last request: 0.000012 seconds.
  path: Assets/Models/Door.fbx
  artifactKey: Guid(ab2aa372531d1a044b7c181e3984dd47) Importer(2089858483,0ecaa5967403d082aa24f35e1b516d23)
Start importing Assets/Models/Door.fbx using Guid(ab2aa372531d1a044b7c181e3984dd47) Importer(2089858483,0ecaa5967403d082aa24f35e1b516d23)  -> (artifact id: 'f2162408c6d499deeba91412517ae4fc') in 0.056695 seconds
Number of updated asset objects reloaded before import = 0
Number of asset objects unloaded after import = 7
========================================================================
Received Import Request.
  Time since last request: 0.000011 seconds.
  path: Assets/Models/crumbledfloor.fbx
  artifactKey: Guid(1d85de36cf525e64cb1a98ede7c50aa3) Importer(2089858483,0ecaa5967403d082aa24f35e1b516d23)
Start importing Assets/Models/crumbledfloor.fbx using Guid(1d85de36cf525e64cb1a98ede7c50aa3) Importer(2089858483,0ecaa5967403d082aa24f35e1b516d23)  -> (artifact id: 'd6e86043015d474fbab448c5d1caa30e') in 0.025160 seconds
Number of updated asset objects reloaded before import = 0
Number of asset objects unloaded after import = 7
========================================================================
Received Import Request.
  Time since last request: 0.000012 seconds.
  path: Assets/Models/bigpillar.fbx
  artifactKey: Guid(4655584bfd07ccf49b7b43ac12042c82) Importer(2089858483,0ecaa5967403d082aa24f35e1b516d23)
Start importing Assets/Models/bigpillar.fbx using Guid(4655584bfd07ccf49b7b43ac12042c82) Importer(2089858483,0ecaa5967403d082aa24f35e1b516d23)  -> (artifact id: '056066f3874143d917f7f04174a29736') in 0.266298 seconds
Number of updated asset objects reloaded before import = 0
Number of asset objects unloaded after import = 7
========================================================================
Received Import Request.
  Time since last request: 0.000012 seconds.
  path: Assets/Models/KeypadDoorLock.FBX
  artifactKey: Guid(b4bd1b1cdc822ab43b5d36f12a7e0011) Importer(2089858483,0ecaa5967403d082aa24f35e1b516d23)
Start importing Assets/Models/KeypadDoorLock.FBX using Guid(b4bd1b1cdc822ab43b5d36f12a7e0011) Importer(2089858483,0ecaa5967403d082aa24f35e1b516d23)  -> (artifact id: 'db4f6d2078e0b9711e7fcb6024a7e174') in 0.086969 seconds
Number of updated asset objects reloaded before import = 0
Number of asset objects unloaded after import = 8
========================================================================
Received Import Request.
  Time since last request: 0.000021 seconds.
  path: Assets/Materials/Materials/KeypadDoorLockRough.mat
  artifactKey: Guid(a1d17fadfbbfa364ba23c7090ec92eaf) Importer(2089858483,0ecaa5967403d082aa24f35e1b516d23)
Start importing Assets/Materials/Materials/KeypadDoorLockRough.mat using Guid(a1d17fadfbbfa364ba23c7090ec92eaf) Importer(2089858483,0ecaa5967403d082aa24f35e1b516d23)  -> (artifact id: 'd7c663c537853ac19a1d35f1ed3bb0df') in 0.059207 seconds
Number of updated asset objects reloaded before import = 0
Number of asset objects unloaded after import = 2
========================================================================
Received Import Request.
  Time since last request: 0.000015 seconds.
  path: Assets/Materials/Materials/KeypadDoorLockMetal.mat
  artifactKey: Guid(f0df6f4ede1f75a4c9b9f373a26af0bc) Importer(2089858483,0ecaa5967403d082aa24f35e1b516d23)
Start importing Assets/Materials/Materials/KeypadDoorLockMetal.mat using Guid(f0df6f4ede1f75a4c9b9f373a26af0bc) Importer(2089858483,0ecaa5967403d082aa24f35e1b516d23)  -> (artifact id: 'a5256175a8703700952c5ebb6ade2a41') in 0.087135 seconds
Number of updated asset objects reloaded before import = 0
Number of asset objects unloaded after import = 1
========================================================================
Received Import Request.
  Time since last request: 0.000019 seconds.
  path: Assets/Models/gem2.fbx
  artifactKey: Guid(e9680ee9f0274c841804dc1b17228313) Importer(2089858483,0ecaa5967403d082aa24f35e1b516d23)
Start importing Assets/Models/gem2.fbx using Guid(e9680ee9f0274c841804dc1b17228313) Importer(2089858483,0ecaa5967403d082aa24f35e1b516d23)  -> (artifact id: 'ea0ddca54963e0442d65742e74bb6cc4') in 0.107311 seconds
Number of updated asset objects reloaded before import = 0
Number of asset objects unloaded after import = 7
========================================================================
Received Import Request.
  Time since last request: 0.000018 seconds.
  path: Assets/Models/crystal_17_2.fbx
  artifactKey: Guid(5251047511fccd847942828d6f87c0b7) Importer(2089858483,0ecaa5967403d082aa24f35e1b516d23)
Start importing Assets/Models/crystal_17_2.fbx using Guid(5251047511fccd847942828d6f87c0b7) Importer(2089858483,0ecaa5967403d082aa24f35e1b516d23)  -> (artifact id: '9177890897cde52ff476f5e8a5dcf257') in 0.460111 seconds
Number of updated asset objects reloaded before import = 0
Number of asset objects unloaded after import = 8
========================================================================
Received Import Request.
  Time since last request: 0.000020 seconds.
  path: Assets/Models/slidingDoor.fbx
  artifactKey: Guid(949f6744731392c428b18a6d2fdc25cf) Importer(2089858483,0ecaa5967403d082aa24f35e1b516d23)
Start importing Assets/Models/slidingDoor.fbx using Guid(949f6744731392c428b18a6d2fdc25cf) Importer(2089858483,0ecaa5967403d082aa24f35e1b516d23)  -> (artifact id: '29520032edddca6a95f1da39e3f9eecc') in 0.091130 seconds
Number of updated asset objects reloaded before import = 0
Number of asset objects unloaded after import = 7
========================================================================
Received Import Request.
  Time since last request: 0.000016 seconds.
  path: Assets/Materials/Materials/Moonsword_Specular.mat
  artifactKey: Guid(bef51a857278fef4284461528d5d391d) Importer(2089858483,0ecaa5967403d082aa24f35e1b516d23)
Start importing Assets/Materials/Materials/Moonsword_Specular.mat using Guid(bef51a857278fef4284461528d5d391d) Importer(2089858483,0ecaa5967403d082aa24f35e1b516d23)  -> (artifact id: '4f768c874a112293aa688edfb2a863a9') in 0.015731 seconds
Number of updated asset objects reloaded before import = 0
Number of asset objects unloaded after import = 2
========================================================================
Received Import Request.
  Time since last request: 0.000019 seconds.
  path: Assets/Materials/Materials/Moonsword_Diffuse.mat
  artifactKey: Guid(67525c1b5aec9bf47ad244572a1d10eb) Importer(2089858483,0ecaa5967403d082aa24f35e1b516d23)
Start importing Assets/Materials/Materials/Moonsword_Diffuse.mat using Guid(67525c1b5aec9bf47ad244572a1d10eb) Importer(2089858483,0ecaa5967403d082aa24f35e1b516d23)  -> (artifact id: '0226238f33a0fc7563699fe8548cf82f') in 0.033112 seconds
Number of updated asset objects reloaded before import = 0
Number of asset objects unloaded after import = 2
========================================================================
Received Import Request.
  Time since last request: 0.000012 seconds.
  path: Assets/Materials/Materials/Dungeons_2_Texture_01_A 3.mat
  artifactKey: Guid(73cb8c7106962c74a98940e4c40f53ed) Importer(2089858483,0ecaa5967403d082aa24f35e1b516d23)
Start importing Assets/Materials/Materials/Dungeons_2_Texture_01_A 3.mat using Guid(73cb8c7106962c74a98940e4c40f53ed) Importer(2089858483,0ecaa5967403d082aa24f35e1b516d23)  -> (artifact id: '0977b0fd137f829fc8e0a412062315c1') in 0.020337 seconds
Number of updated asset objects reloaded before import = 0
Number of asset objects unloaded after import = 2
========================================================================
Received Import Request.
  Time since last request: 0.000013 seconds.
  path: Assets/Materials/Materials/Moonsword_Emissive.mat
  artifactKey: Guid(62c0e1fd83f745d49ae4cd559066b7d2) Importer(2089858483,0ecaa5967403d082aa24f35e1b516d23)
Start importing Assets/Materials/Materials/Moonsword_Emissive.mat using Guid(62c0e1fd83f745d49ae4cd559066b7d2) Importer(2089858483,0ecaa5967403d082aa24f35e1b516d23)  -> (artifact id: '07460203a6fdf8d1b85e03406266b973') in 0.248687 seconds
Number of updated asset objects reloaded before import = 0
Number of asset objects unloaded after import = 2
========================================================================
Received Import Request.
  Time since last request: 0.000018 seconds.
  path: Assets/Materials/Texture_01_A.png
  artifactKey: Guid(0ac518cbab213f940904f57cd77af5c0) Importer(2089858483,0ecaa5967403d082aa24f35e1b516d23)
Start importing Assets/Materials/Texture_01_A.png using Guid(0ac518cbab213f940904f57cd77af5c0) Importer(2089858483,0ecaa5967403d082aa24f35e1b516d23)  -> (artifact id: '2d47d983831405366c19ccdfa9428714') in 0.057145 seconds
Number of updated asset objects reloaded before import = 0
Number of asset objects unloaded after import = 1
========================================================================
Received Import Request.
  Time since last request: 0.000023 seconds.
  path: Assets/Models/torch.fbx
  artifactKey: Guid(7e8ebf706ca0cb6429d10bd14579621e) Importer(2089858483,0ecaa5967403d082aa24f35e1b516d23)
Start importing Assets/Models/torch.fbx using Guid(7e8ebf706ca0cb6429d10bd14579621e) Importer(2089858483,0ecaa5967403d082aa24f35e1b516d23)  -> (artifact id: '119f83388cc36d9301cb7ed652380892') in 0.080188 seconds
Number of updated asset objects reloaded before import = 0
Number of asset objects unloaded after import = 7
