Using pre-set license
Built from '2022.3/staging' branch; Version is '2022.3.22f1 (887be4894c44) revision 8944612'; Using compiler version '192829333'; Build Type 'Release'
OS: 'Windows 11  (10.0.22631) 64bit Core' Language: 'en' Physical Memory: 16166 MB
BatchMode: 1, IsHumanControllingUs: 0, StartBugReporterOnCrash: 0, Is64bit: 1, IsPro: 1

COMMAND LINE ARGUMENTS:
C:\Program Files\Unity\Hub\Editor\2022.3.22f1\Editor\Unity.exe
-adb2
-batchMode
-noUpm
-name
AssetImportWorker2
-projectPath
D:/GDP1/Group Project/info6024finalproj/info6024Group2FinalProj/My project
-logFile
Logs/AssetImportWorker2.log
-srvPort
63772
Successfully changed project path to: D:/GDP1/Group Project/info6024finalproj/info6024Group2FinalProj/My project
D:/GDP1/Group Project/info6024finalproj/info6024Group2FinalProj/My project
[UnityMemory] Configuration Parameters - Can be set up in boot.config
    "memorysetup-bucket-allocator-granularity=16"
    "memorysetup-bucket-allocator-bucket-count=8"
    "memorysetup-bucket-allocator-block-size=33554432"
    "memorysetup-bucket-allocator-block-count=8"
    "memorysetup-main-allocator-block-size=16777216"
    "memorysetup-thread-allocator-block-size=16777216"
    "memorysetup-gfx-main-allocator-block-size=16777216"
    "memorysetup-gfx-thread-allocator-block-size=16777216"
    "memorysetup-cache-allocator-block-size=4194304"
    "memorysetup-typetree-allocator-block-size=2097152"
    "memorysetup-profiler-bucket-allocator-granularity=16"
    "memorysetup-profiler-bucket-allocator-bucket-count=8"
    "memorysetup-profiler-bucket-allocator-block-size=33554432"
    "memorysetup-profiler-bucket-allocator-block-count=8"
    "memorysetup-profiler-allocator-block-size=16777216"
    "memorysetup-profiler-editor-allocator-block-size=1048576"
    "memorysetup-temp-allocator-size-main=16777216"
    "memorysetup-job-temp-allocator-block-size=2097152"
    "memorysetup-job-temp-allocator-block-size-background=1048576"
    "memorysetup-job-temp-allocator-reduction-small-platforms=262144"
    "memorysetup-allocator-temp-initial-block-size-main=262144"
    "memorysetup-allocator-temp-initial-block-size-worker=262144"
    "memorysetup-temp-allocator-size-background-worker=32768"
    "memorysetup-temp-allocator-size-job-worker=262144"
    "memorysetup-temp-allocator-size-preload-manager=33554432"
    "memorysetup-temp-allocator-size-nav-mesh-worker=65536"
    "memorysetup-temp-allocator-size-audio-worker=65536"
    "memorysetup-temp-allocator-size-cloud-worker=32768"
    "memorysetup-temp-allocator-size-gi-baking-worker=262144"
    "memorysetup-temp-allocator-size-gfx=262144"
Player connection [30304] Host "[IP] 67.213.103.21 [Port] 0 [Flags] 2 [Guid] 2956799625 [EditorId] 2956799625 [Version] 1048832 [Id] WindowsEditor(7,DESKTOP-3KCVIV0) [Debug] 1 [PackageName] WindowsEditor [ProjectName] Editor" joined multi-casting on [225.0.0.222:54997]...

Player connection [30304] Host "[IP] 67.213.103.21 [Port] 0 [Flags] 2 [Guid] 2956799625 [EditorId] 2956799625 [Version] 1048832 [Id] WindowsEditor(7,DESKTOP-3KCVIV0) [Debug] 1 [PackageName] WindowsEditor [ProjectName] Editor" joined alternative multi-casting on [225.0.0.222:34997]...

[Physics::Module] Initialized MultithreadedJobDispatcher with 15 workers.
Refreshing native plugins compatible for Editor in 5.68 ms, found 3 plugins.
Preloading 0 native plugins for Editor in 0.00 ms.
Initialize engine version: 2022.3.22f1 (887be4894c44)
[Subsystems] Discovering subsystems at path C:/Program Files/Unity/Hub/Editor/2022.3.22f1/Editor/Data/Resources/UnitySubsystems
[Subsystems] Discovering subsystems at path D:/GDP1/Group Project/info6024finalproj/info6024Group2FinalProj/My project/Assets
GfxDevice: creating device client; threaded=0; jobified=0
Direct3D:
    Version:  Direct3D 11.0 [level 11.1]
    Renderer: NVIDIA GeForce RTX 3060 (ID=0x2504)
    Vendor:   NVIDIA
    VRAM:     12115 MB
    Driver:   31.0.15.5134
Initialize mono
Mono path[0] = 'C:/Program Files/Unity/Hub/Editor/2022.3.22f1/Editor/Data/Managed'
Mono path[1] = 'C:/Program Files/Unity/Hub/Editor/2022.3.22f1/Editor/Data/MonoBleedingEdge/lib/mono/unityjit-win32'
Mono config path = 'C:/Program Files/Unity/Hub/Editor/2022.3.22f1/Editor/Data/MonoBleedingEdge/etc'
Using monoOptions --debugger-agent=transport=dt_socket,embedding=1,server=y,suspend=n,address=127.0.0.1:56964
Begin MonoManager ReloadAssembly
Registering precompiled unity dll's ...
Register platform support module: C:/Program Files/Unity/Hub/Editor/2022.3.22f1/Editor/Data/PlaybackEngines/WebGLSupport/UnityEditor.WebGL.Extensions.dll
Register platform support module: C:/Program Files/Unity/Hub/Editor/2022.3.22f1/Editor/Data/PlaybackEngines/WindowsStandaloneSupport/UnityEditor.WindowsStandalone.Extensions.dll
Registered in 0.007310 seconds.
- Loaded All Assemblies, in  0.310 seconds
Native extension for WindowsStandalone target not found
Native extension for WebGL target not found
Mono: successfully reloaded assembly
- Finished resetting the current domain, in  0.220 seconds
Domain Reload Profiling: 529ms
	BeginReloadAssembly (104ms)
		ExecutionOrderSort (0ms)
		DisableScriptedObjects (0ms)
		BackupInstance (0ms)
		ReleaseScriptingObjects (0ms)
		CreateAndSetChildDomain (1ms)
	RebuildCommonClasses (27ms)
	RebuildNativeTypeToScriptingClass (9ms)
	initialDomainReloadingComplete (47ms)
	LoadAllAssembliesAndSetupDomain (120ms)
		LoadAssemblies (103ms)
		RebuildTransferFunctionScriptingTraits (0ms)
		AnalyzeDomain (119ms)
			TypeCache.Refresh (118ms)
				TypeCache.ScanAssembly (107ms)
			ScanForSourceGeneratedMonoScriptInfo (0ms)
			ResolveRequiredComponents (0ms)
	FinalizeReload (221ms)
		ReleaseScriptCaches (0ms)
		RebuildScriptCaches (0ms)
		SetupLoadedEditorAssemblies (173ms)
			LogAssemblyErrors (0ms)
			InitializePlatformSupportModulesInManaged (8ms)
			SetLoadedEditorAssemblies (4ms)
			RefreshPlugins (0ms)
			BeforeProcessingInitializeOnLoad (2ms)
			ProcessInitializeOnLoadAttributes (124ms)
			ProcessInitializeOnLoadMethodAttributes (36ms)
			AfterProcessingInitializeOnLoad (0ms)
			EditorAssembliesLoaded (0ms)
		ExecutionOrderSort2 (0ms)
		AwakeInstancesAfterBackupRestoration (0ms)
========================================================================
Worker process is ready to serve import requests
Begin MonoManager ReloadAssembly
- Loaded All Assemblies, in  0.659 seconds
Refreshing native plugins compatible for Editor in 1.65 ms, found 3 plugins.
Native extension for WindowsStandalone target not found
Native extension for WebGL target not found
Package Manager log level set to [2]
[Package Manager] Server::EnsureServerProcessIsRunning -- launch failed, reason: Unity was launched with the -noUpm command-line argument
[Package Manager] UpmClient::Send -- Unable to send message (not connected to UPM process).
[Package Manager] Cannot connect to Unity Package Manager local server
Mono: successfully reloaded assembly
- Finished resetting the current domain, in  0.542 seconds
Domain Reload Profiling: 1199ms
	BeginReloadAssembly (132ms)
		ExecutionOrderSort (0ms)
		DisableScriptedObjects (5ms)
		BackupInstance (0ms)
		ReleaseScriptingObjects (0ms)
		CreateAndSetChildDomain (19ms)
	RebuildCommonClasses (37ms)
	RebuildNativeTypeToScriptingClass (10ms)
	initialDomainReloadingComplete (37ms)
	LoadAllAssembliesAndSetupDomain (440ms)
		LoadAssemblies (356ms)
		RebuildTransferFunctionScriptingTraits (0ms)
		AnalyzeDomain (164ms)
			TypeCache.Refresh (145ms)
				TypeCache.ScanAssembly (128ms)
			ScanForSourceGeneratedMonoScriptInfo (12ms)
			ResolveRequiredComponents (5ms)
	FinalizeReload (543ms)
		ReleaseScriptCaches (0ms)
		RebuildScriptCaches (0ms)
		SetupLoadedEditorAssemblies (397ms)
			LogAssemblyErrors (0ms)
			InitializePlatformSupportModulesInManaged (6ms)
			SetLoadedEditorAssemblies (4ms)
			RefreshPlugins (0ms)
			BeforeProcessingInitializeOnLoad (61ms)
			ProcessInitializeOnLoadAttributes (303ms)
			ProcessInitializeOnLoadMethodAttributes (18ms)
			AfterProcessingInitializeOnLoad (6ms)
			EditorAssembliesLoaded (0ms)
		ExecutionOrderSort2 (0ms)
		AwakeInstancesAfterBackupRestoration (5ms)
Launched and connected shader compiler UnityShaderCompiler.exe after 0.04 seconds
Refreshing native plugins compatible for Editor in 2.41 ms, found 3 plugins.
Preloading 0 native plugins for Editor in 0.00 ms.
Unloading 3263 Unused Serialized files (Serialized files now loaded: 0)
Unloading 45 unused Assets / (130.4 KB). Loaded Objects now: 3724.
Memory consumption went from 125.6 MB to 125.5 MB.
Total: 2.566900 ms (FindLiveObjects: 0.224800 ms CreateObjectMapping: 0.105000 ms MarkObjects: 2.124300 ms  DeleteObjects: 0.111600 ms)

AssetImportParameters requested are different than current active one (requested -> active):
  custom:container-demuxer-ogg: 62fdf1f143b41e24485cea50d1cbac27 -> 
  custom:video-codec-MediaFoundation-h265: 746d11721c4dcdbdad8f713fa42b33f4 -> 
  custom:video-decoder-ogg-theora: a1e56fd34408186e4bbccfd4996cb3dc -> 
  custom:framework-win-MediaFoundation: 216162199b28c13a410421893ffa2e32 -> 
  custom:CustomObjectIndexerAttribute: 9a22284fe3817be447336de3de66b15e -> 
  custom:container-demuxer-webm: 4f35f7cbe854078d1ac9338744f61a02 -> 
  custom:container-muxer-webm: aa71ff27fc2769a1b78a27578f13a17b -> 
  custom:video-decoder-webm-vp8: 9c59270c3fd7afecdb556c50c9e8de78 -> 
  custom:SearchIndexIgnoredProperties: e643bd26f0fe6173181afceb89e7c659 -> 
  custom:AudioImporter_EditorPlatform: d09bf68614088b80899f8185d706f6e7 -> 
  custom:video-encoder-webm-vp8: eb34c28f22e8b96e1ab97ce403110664 -> 
  custom:audio-decoder-ogg-vorbis: bf7c407c2cedff20999df2af8eb42d56 -> 
  custom:audio-encoder-webm-vorbis: bf7c407c2cedff20999df2af8eb42d56 -> 
========================================================================
Received Import Request.
  Time since last request: 94875.096314 seconds.
  path: Assets/Models/crystalCluster1.fbx
  artifactKey: Guid(ec40ab4b07b8f0c43b5d2d21938469e1) Importer(2089858483,0ecaa5967403d082aa24f35e1b516d23)
Start importing Assets/Models/crystalCluster1.fbx using Guid(ec40ab4b07b8f0c43b5d2d21938469e1) Importer(2089858483,0ecaa5967403d082aa24f35e1b516d23)  -> (artifact id: '31e98c6d2185ba4dae5184635bbfdc8e') in 0.138462 seconds
Number of updated asset objects reloaded before import = 0
Number of asset objects unloaded after import = 7
========================================================================
Received Import Request.
  Time since last request: 0.000023 seconds.
  path: Assets/Materials/rusty_sword.png
  artifactKey: Guid(fef0b5a8c319bc340909369d8d40f828) Importer(2089858483,0ecaa5967403d082aa24f35e1b516d23)
Start importing Assets/Materials/rusty_sword.png using Guid(fef0b5a8c319bc340909369d8d40f828) Importer(2089858483,0ecaa5967403d082aa24f35e1b516d23)  -> (artifact id: 'c122f0b4171ce89cd6dd04e9af08f3ff') in 0.048078 seconds
Number of updated asset objects reloaded before import = 0
Number of asset objects unloaded after import = 1
========================================================================
Received Import Request.
  Time since last request: 0.000094 seconds.
  path: Assets/Materials/darkRock.jpg
  artifactKey: Guid(c776a8400f69de74bacc8aed4db6ca69) Importer(2089858483,0ecaa5967403d082aa24f35e1b516d23)
Start importing Assets/Materials/darkRock.jpg using Guid(c776a8400f69de74bacc8aed4db6ca69) Importer(2089858483,0ecaa5967403d082aa24f35e1b516d23)  -> (artifact id: '5e755c08b808a9811f11d8b5e918541b') in 0.021727 seconds
Number of updated asset objects reloaded before import = 0
Number of asset objects unloaded after import = 1
========================================================================
Received Import Request.
  Time since last request: 0.000015 seconds.
  path: Assets/Materials/Materials/Dungeons_2_Texture_01_A.mat
  artifactKey: Guid(f1a4a2ffd6e9a504ca33da1b7d911c4f) Importer(2089858483,0ecaa5967403d082aa24f35e1b516d23)
Start importing Assets/Materials/Materials/Dungeons_2_Texture_01_A.mat using Guid(f1a4a2ffd6e9a504ca33da1b7d911c4f) Importer(2089858483,0ecaa5967403d082aa24f35e1b516d23)  -> (artifact id: 'a0658b93a3902acd1a2b00a35b5b8ed3') in 0.040296 seconds
Number of updated asset objects reloaded before import = 0
Number of asset objects unloaded after import = 1
========================================================================
Received Import Request.
  Time since last request: 0.000019 seconds.
  path: Assets/Scripts/SecretLeverScript.cs
  artifactKey: Guid(43943e040d9f0064aa166a07a2810cc6) Importer(2089858483,0ecaa5967403d082aa24f35e1b516d23)
Start importing Assets/Scripts/SecretLeverScript.cs using Guid(43943e040d9f0064aa166a07a2810cc6) Importer(2089858483,0ecaa5967403d082aa24f35e1b516d23)  -> (artifact id: 'c52bb447319fe56b474690cbb4298609') in 0.019003 seconds
Number of updated asset objects reloaded before import = 0
Number of asset objects unloaded after import = 1
========================================================================
Received Import Request.
  Time since last request: 0.000059 seconds.
  path: Assets/Materials/Materials/stonebrick.mat
  artifactKey: Guid(60b91951a15a0d2439fb82b2c51daee8) Importer(2089858483,0ecaa5967403d082aa24f35e1b516d23)
Start importing Assets/Materials/Materials/stonebrick.mat using Guid(60b91951a15a0d2439fb82b2c51daee8) Importer(2089858483,0ecaa5967403d082aa24f35e1b516d23)  -> (artifact id: '4f45ee35197081cf14a8149903cce358') in 0.021000 seconds
Number of updated asset objects reloaded before import = 0
Number of asset objects unloaded after import = 2
========================================================================
Received Import Request.
  Time since last request: 0.000013 seconds.
  path: Assets/Models/willisau_vulcano_fbx_upZ.fbx
  artifactKey: Guid(f292f5f6bfd34ad419633b11b2a3880d) Importer(2089858483,0ecaa5967403d082aa24f35e1b516d23)
Start importing Assets/Models/willisau_vulcano_fbx_upZ.fbx using Guid(f292f5f6bfd34ad419633b11b2a3880d) Importer(2089858483,0ecaa5967403d082aa24f35e1b516d23)  -> (artifact id: 'f01411dafa9cd12d1d369778904a356b') in 0.189630 seconds
Number of updated asset objects reloaded before import = 0
Number of asset objects unloaded after import = 9
========================================================================
Received Import Request.
  Time since last request: 0.000016 seconds.
  path: Assets/Models/valdenfer_jpg_1.obj
  artifactKey: Guid(2c75332471dc11c4bb3c68825f6759a6) Importer(2089858483,0ecaa5967403d082aa24f35e1b516d23)
Start importing Assets/Models/valdenfer_jpg_1.obj using Guid(2c75332471dc11c4bb3c68825f6759a6) Importer(2089858483,0ecaa5967403d082aa24f35e1b516d23)  -> (artifact id: 'a97e12e1ef37faaafd787afbfcbc0b71') in 0.190358 seconds
Number of updated asset objects reloaded before import = 0
Number of asset objects unloaded after import = 10
========================================================================
Received Import Request.
  Time since last request: 0.000026 seconds.
  path: Assets/Materials/Materials/space.mat
  artifactKey: Guid(c922628cf7bddeb4dafeff1b521ad1d4) Importer(2089858483,0ecaa5967403d082aa24f35e1b516d23)
Start importing Assets/Materials/Materials/space.mat using Guid(c922628cf7bddeb4dafeff1b521ad1d4) Importer(2089858483,0ecaa5967403d082aa24f35e1b516d23)  -> (artifact id: 'f9d8d144c205216338eb270f4338a4a3') in 0.162659 seconds
Number of updated asset objects reloaded before import = 0
Number of asset objects unloaded after import = 2
========================================================================
Received Import Request.
  Time since last request: 0.000012 seconds.
  path: Assets/Materials/Material.001_Base_Color.png
  artifactKey: Guid(930a688dc9f872d49ba0c1f42dc6ff82) Importer(2089858483,0ecaa5967403d082aa24f35e1b516d23)
Start importing Assets/Materials/Material.001_Base_Color.png using Guid(930a688dc9f872d49ba0c1f42dc6ff82) Importer(2089858483,0ecaa5967403d082aa24f35e1b516d23)  -> (artifact id: '5a88e999e06d363ddad194a7acfae7f2') in 0.029695 seconds
Number of updated asset objects reloaded before import = 0
Number of asset objects unloaded after import = 1
========================================================================
Received Import Request.
  Time since last request: 0.000025 seconds.
  path: Assets/Models/Lever Export With Animation.fbx
  artifactKey: Guid(bb7bc8c5388ccf04180e410b36646722) Importer(2089858483,0ecaa5967403d082aa24f35e1b516d23)
Start importing Assets/Models/Lever Export With Animation.fbx using Guid(bb7bc8c5388ccf04180e410b36646722) Importer(2089858483,0ecaa5967403d082aa24f35e1b516d23)  -> (artifact id: '7aadec67054aa064ce83d5e6fc741494') in 0.039471 seconds
Number of updated asset objects reloaded before import = 0
Number of asset objects unloaded after import = 34
========================================================================
Received Import Request.
  Time since last request: 0.000015 seconds.
  path: Assets/Models/DoorFrame.fbx
  artifactKey: Guid(98acb0a82be9da34abef8ed61f5a3e09) Importer(2089858483,0ecaa5967403d082aa24f35e1b516d23)
Start importing Assets/Models/DoorFrame.fbx using Guid(98acb0a82be9da34abef8ed61f5a3e09) Importer(2089858483,0ecaa5967403d082aa24f35e1b516d23)  -> (artifact id: '1f01e873d32f9a78386b2128733b9e3f') in 0.021553 seconds
Number of updated asset objects reloaded before import = 0
Number of asset objects unloaded after import = 7
========================================================================
Received Import Request.
  Time since last request: 0.000021 seconds.
  path: Assets/Materials/Materials/Metal.mat
  artifactKey: Guid(bd938dd77b79a384bb05cb28e54b4cec) Importer(2089858483,0ecaa5967403d082aa24f35e1b516d23)
Start importing Assets/Materials/Materials/Metal.mat using Guid(bd938dd77b79a384bb05cb28e54b4cec) Importer(2089858483,0ecaa5967403d082aa24f35e1b516d23)  -> (artifact id: '1640db4c8d2b94475e8757610dcd1526') in 0.019863 seconds
Number of updated asset objects reloaded before import = 0
Number of asset objects unloaded after import = 1
========================================================================
Received Import Request.
  Time since last request: 0.000020 seconds.
  path: Assets/Models/thingrass.fbx
  artifactKey: Guid(7c3376f9ab886d44494eebe10e4b768d) Importer(2089858483,0ecaa5967403d082aa24f35e1b516d23)
Start importing Assets/Models/thingrass.fbx using Guid(7c3376f9ab886d44494eebe10e4b768d) Importer(2089858483,0ecaa5967403d082aa24f35e1b516d23)  -> (artifact id: '5a7ed3ddee6ee4b43d8f5ddd3be2d5aa') in 0.031089 seconds
Number of updated asset objects reloaded before import = 0
Number of asset objects unloaded after import = 7
========================================================================
Received Import Request.
  Time since last request: 0.000013 seconds.
  path: Assets/Materials/Dungeons_2_Texture_01_A.png
  artifactKey: Guid(196dfc7b173b7cf4b91936c66e09038f) Importer(2089858483,0ecaa5967403d082aa24f35e1b516d23)
Start importing Assets/Materials/Dungeons_2_Texture_01_A.png using Guid(196dfc7b173b7cf4b91936c66e09038f) Importer(2089858483,0ecaa5967403d082aa24f35e1b516d23)  -> (artifact id: '55f31b96cc3da07b2f0d81233fabe2b5') in 0.027808 seconds
Number of updated asset objects reloaded before import = 0
Number of asset objects unloaded after import = 1
========================================================================
Received Import Request.
  Time since last request: 0.000019 seconds.
  path: Assets/Scripts/ThirdPersonCamera.cs
  artifactKey: Guid(97d897019803b8b449d7f253f5aec4c6) Importer(2089858483,0ecaa5967403d082aa24f35e1b516d23)
Start importing Assets/Scripts/ThirdPersonCamera.cs using Guid(97d897019803b8b449d7f253f5aec4c6) Importer(2089858483,0ecaa5967403d082aa24f35e1b516d23)  -> (artifact id: 'a9fc378afd73af91429ed57672ee5656') in 0.021421 seconds
Number of updated asset objects reloaded before import = 0
Number of asset objects unloaded after import = 1
========================================================================
Received Import Request.
  Time since last request: 0.000018 seconds.
  path: Assets/Models/orepile.fbx
  artifactKey: Guid(dd26ac112b42d4941a8699a8fe83e271) Importer(2089858483,0ecaa5967403d082aa24f35e1b516d23)
Start importing Assets/Models/orepile.fbx using Guid(dd26ac112b42d4941a8699a8fe83e271) Importer(2089858483,0ecaa5967403d082aa24f35e1b516d23)  -> (artifact id: '8af5f67e6d6ad12bc549c21c590384a0') in 0.132703 seconds
Number of updated asset objects reloaded before import = 0
Number of asset objects unloaded after import = 7
========================================================================
Received Import Request.
  Time since last request: 0.000016 seconds.
  path: Assets/Materials/Materials/Dungeons_2_Texture_01_A 10.mat
  artifactKey: Guid(f779d24f2c4f539478e2617412a425ce) Importer(2089858483,0ecaa5967403d082aa24f35e1b516d23)
Start importing Assets/Materials/Materials/Dungeons_2_Texture_01_A 10.mat using Guid(f779d24f2c4f539478e2617412a425ce) Importer(2089858483,0ecaa5967403d082aa24f35e1b516d23)  -> (artifact id: '2a8c6ccbef88666f277b305aa2059e60') in 0.028396 seconds
Number of updated asset objects reloaded before import = 0
Number of asset objects unloaded after import = 2
========================================================================
Received Import Request.
  Time since last request: 0.000020 seconds.
  path: Assets/Materials/Materials/rusty_sword.mat
  artifactKey: Guid(0e6103f2bea9e824ab523b7ff5e060f7) Importer(2089858483,0ecaa5967403d082aa24f35e1b516d23)
Start importing Assets/Materials/Materials/rusty_sword.mat using Guid(0e6103f2bea9e824ab523b7ff5e060f7) Importer(2089858483,0ecaa5967403d082aa24f35e1b516d23)  -> (artifact id: 'f1b64bc7702cacb133991b80de7f0fcd') in 0.039499 seconds
Number of updated asset objects reloaded before import = 0
Number of asset objects unloaded after import = 2
========================================================================
Received Import Request.
  Time since last request: 0.000019 seconds.
  path: Assets/Models/slidingDoorFrame.fbx
  artifactKey: Guid(52baa5da67744da4e882de650bc2dc1f) Importer(2089858483,0ecaa5967403d082aa24f35e1b516d23)
Start importing Assets/Models/slidingDoorFrame.fbx using Guid(52baa5da67744da4e882de650bc2dc1f) Importer(2089858483,0ecaa5967403d082aa24f35e1b516d23)  -> (artifact id: '85bf008d25ce68a3b22c04c43ee047d6') in 0.027392 seconds
Number of updated asset objects reloaded before import = 0
Number of asset objects unloaded after import = 7
========================================================================
Received Import Request.
  Time since last request: 0.000013 seconds.
  path: Assets/Materials/Materials/Sunsword_Diffuse.mat
  artifactKey: Guid(bacb7dd8c80db51499a7fb2575fc8f1a) Importer(2089858483,0ecaa5967403d082aa24f35e1b516d23)
Start importing Assets/Materials/Materials/Sunsword_Diffuse.mat using Guid(bacb7dd8c80db51499a7fb2575fc8f1a) Importer(2089858483,0ecaa5967403d082aa24f35e1b516d23)  -> (artifact id: '54e53a68af03dd3349b48688759421d6') in 0.602859 seconds
Number of updated asset objects reloaded before import = 0
Number of asset objects unloaded after import = 2
========================================================================
Received Import Request.
  Time since last request: 0.000017 seconds.
  path: Assets/Materials/Materials/WARRIORS_MACE_SUNKEN_COLOR_2K.mat
  artifactKey: Guid(085b7fe94f91e394b9d0fbd9b1cd3054) Importer(2089858483,0ecaa5967403d082aa24f35e1b516d23)
Start importing Assets/Materials/Materials/WARRIORS_MACE_SUNKEN_COLOR_2K.mat using Guid(085b7fe94f91e394b9d0fbd9b1cd3054) Importer(2089858483,0ecaa5967403d082aa24f35e1b516d23)  -> (artifact id: '8d26bc469f994efa7e69c1c78bb49003') in 0.332304 seconds
Number of updated asset objects reloaded before import = 0
Number of asset objects unloaded after import = 2
========================================================================
Received Import Request.
  Time since last request: 0.000019 seconds.
  path: Assets/Models/Caves.FBX
  artifactKey: Guid(8f2df8bfd14dbc7478ce89c71ddde0c4) Importer(2089858483,0ecaa5967403d082aa24f35e1b516d23)
Start importing Assets/Models/Caves.FBX using Guid(8f2df8bfd14dbc7478ce89c71ddde0c4) Importer(2089858483,0ecaa5967403d082aa24f35e1b516d23)  -> (artifact id: '6a32948b66a787925bac94480a749b2b') in 0.318242 seconds
Number of updated asset objects reloaded before import = 0
Number of asset objects unloaded after import = 26
========================================================================
Received Import Request.
  Time since last request: 0.000015 seconds.
  path: Assets/Models/alcoveWall.fbx
  artifactKey: Guid(7c2802d92db081c48b613eb8c05ea610) Importer(2089858483,0ecaa5967403d082aa24f35e1b516d23)
Start importing Assets/Models/alcoveWall.fbx using Guid(7c2802d92db081c48b613eb8c05ea610) Importer(2089858483,0ecaa5967403d082aa24f35e1b516d23)  -> (artifact id: '2951c019c433479528247d5ff1721fdc') in 0.028272 seconds
Number of updated asset objects reloaded before import = 0
Number of asset objects unloaded after import = 7
========================================================================
Received Import Request.
  Time since last request: 0.000020 seconds.
  path: Assets/Models/railing 1.fbx
  artifactKey: Guid(e0e41abc438a3d345a1a32e8f0a99510) Importer(2089858483,0ecaa5967403d082aa24f35e1b516d23)
Start importing Assets/Models/railing 1.fbx using Guid(e0e41abc438a3d345a1a32e8f0a99510) Importer(2089858483,0ecaa5967403d082aa24f35e1b516d23)  -> (artifact id: 'a5fe6fe3542cd3de6df1c995f4be669b') in 0.043892 seconds
Number of updated asset objects reloaded before import = 0
Number of asset objects unloaded after import = 7
========================================================================
Received Import Request.
  Time since last request: 0.000012 seconds.
  path: Assets/Materials/Materials/Sapphire.mat
  artifactKey: Guid(397e8595f0428e1449aef959f26d726b) Importer(2089858483,0ecaa5967403d082aa24f35e1b516d23)
Start importing Assets/Materials/Materials/Sapphire.mat using Guid(397e8595f0428e1449aef959f26d726b) Importer(2089858483,0ecaa5967403d082aa24f35e1b516d23)  -> (artifact id: '70396f216644706d4d95a8f8b9e33724') in 0.074768 seconds
Number of updated asset objects reloaded before import = 0
Number of asset objects unloaded after import = 1
========================================================================
Received Import Request.
  Time since last request: 0.000015 seconds.
  path: Assets/Models/stairs.fbx
  artifactKey: Guid(a869ec096f85d6b479a566b75f36f073) Importer(2089858483,0ecaa5967403d082aa24f35e1b516d23)
Start importing Assets/Models/stairs.fbx using Guid(a869ec096f85d6b479a566b75f36f073) Importer(2089858483,0ecaa5967403d082aa24f35e1b516d23)  -> (artifact id: '9621dd7b66dc63617531904ea107a133') in 0.177135 seconds
Number of updated asset objects reloaded before import = 0
Number of asset objects unloaded after import = 7
========================================================================
Received Import Request.
  Time since last request: 0.000030 seconds.
  path: Assets/Models/MoonswordStylized.fbx
  artifactKey: Guid(a0b1e67c2e03b96479e8663c786edaec) Importer(2089858483,0ecaa5967403d082aa24f35e1b516d23)
Start importing Assets/Models/MoonswordStylized.fbx using Guid(a0b1e67c2e03b96479e8663c786edaec) Importer(2089858483,0ecaa5967403d082aa24f35e1b516d23)  -> (artifact id: '4c3904e6197ebd67a682dbe5b364d13d') in 0.122207 seconds
Number of updated asset objects reloaded before import = 0
Number of asset objects unloaded after import = 31
Editor requested this worker to shutdown with reason: Scaling down because of idle timeout
TcpMessagingSession - receive error: operation aborted. errorcode: 995, details: The I/O operation has been aborted because of either a thread exit or an application request.
AssetImportWorker is now disconnected from the server
Process exiting
Exiting without the bug reporter. Application will terminate with return code 0