Using pre-set license
Built from '2022.3/staging' branch; Version is '2022.3.22f1 (887be4894c44) revision 8944612'; Using compiler version '192829333'; Build Type 'Release'
OS: 'Windows 11  (10.0.22631) 64bit Core' Language: 'en' Physical Memory: 16166 MB
BatchMode: 1, IsHumanControllingUs: 0, StartBugReporterOnCrash: 0, Is64bit: 1, IsPro: 1

COMMAND LINE ARGUMENTS:
C:\Program Files\Unity\Hub\Editor\2022.3.22f1\Editor\Unity.exe
-adb2
-batchMode
-noUpm
-name
AssetImportWorker1
-projectPath
D:/GDP1/Group Project/info6024finalproj/info6024Group2FinalProj/My project
-logFile
Logs/AssetImportWorker1.log
-srvPort
63772
Successfully changed project path to: D:/GDP1/Group Project/info6024finalproj/info6024Group2FinalProj/My project
D:/GDP1/Group Project/info6024finalproj/info6024Group2FinalProj/My project
[UnityMemory] Configuration Parameters - Can be set up in boot.config
    "memorysetup-bucket-allocator-granularity=16"
    "memorysetup-bucket-allocator-bucket-count=8"
    "memorysetup-bucket-allocator-block-size=33554432"
    "memorysetup-bucket-allocator-block-count=8"
    "memorysetup-main-allocator-block-size=16777216"
    "memorysetup-thread-allocator-block-size=16777216"
    "memorysetup-gfx-main-allocator-block-size=16777216"
    "memorysetup-gfx-thread-allocator-block-size=16777216"
    "memorysetup-cache-allocator-block-size=4194304"
    "memorysetup-typetree-allocator-block-size=2097152"
    "memorysetup-profiler-bucket-allocator-granularity=16"
    "memorysetup-profiler-bucket-allocator-bucket-count=8"
    "memorysetup-profiler-bucket-allocator-block-size=33554432"
    "memorysetup-profiler-bucket-allocator-block-count=8"
    "memorysetup-profiler-allocator-block-size=16777216"
    "memorysetup-profiler-editor-allocator-block-size=1048576"
    "memorysetup-temp-allocator-size-main=16777216"
    "memorysetup-job-temp-allocator-block-size=2097152"
    "memorysetup-job-temp-allocator-block-size-background=1048576"
    "memorysetup-job-temp-allocator-reduction-small-platforms=262144"
    "memorysetup-allocator-temp-initial-block-size-main=262144"
    "memorysetup-allocator-temp-initial-block-size-worker=262144"
    "memorysetup-temp-allocator-size-background-worker=32768"
    "memorysetup-temp-allocator-size-job-worker=262144"
    "memorysetup-temp-allocator-size-preload-manager=33554432"
    "memorysetup-temp-allocator-size-nav-mesh-worker=65536"
    "memorysetup-temp-allocator-size-audio-worker=65536"
    "memorysetup-temp-allocator-size-cloud-worker=32768"
    "memorysetup-temp-allocator-size-gi-baking-worker=262144"
    "memorysetup-temp-allocator-size-gfx=262144"
Player connection [12988] Host "[IP] 67.213.103.21 [Port] 0 [Flags] 2 [Guid] 4128522551 [EditorId] 4128522551 [Version] 1048832 [Id] WindowsEditor(7,DESKTOP-3KCVIV0) [Debug] 1 [PackageName] WindowsEditor [ProjectName] Editor" joined multi-casting on [225.0.0.222:54997]...

Player connection [12988] Host "[IP] 67.213.103.21 [Port] 0 [Flags] 2 [Guid] 4128522551 [EditorId] 4128522551 [Version] 1048832 [Id] WindowsEditor(7,DESKTOP-3KCVIV0) [Debug] 1 [PackageName] WindowsEditor [ProjectName] Editor" joined alternative multi-casting on [225.0.0.222:34997]...

[Physics::Module] Initialized MultithreadedJobDispatcher with 15 workers.
Refreshing native plugins compatible for Editor in 4.66 ms, found 3 plugins.
Preloading 0 native plugins for Editor in 0.00 ms.
Initialize engine version: 2022.3.22f1 (887be4894c44)
[Subsystems] Discovering subsystems at path C:/Program Files/Unity/Hub/Editor/2022.3.22f1/Editor/Data/Resources/UnitySubsystems
[Subsystems] Discovering subsystems at path D:/GDP1/Group Project/info6024finalproj/info6024Group2FinalProj/My project/Assets
GfxDevice: creating device client; threaded=0; jobified=0
Direct3D:
    Version:  Direct3D 11.0 [level 11.1]
    Renderer: NVIDIA GeForce RTX 3060 (ID=0x2504)
    Vendor:   NVIDIA
    VRAM:     12115 MB
    Driver:   31.0.15.5134
Initialize mono
Mono path[0] = 'C:/Program Files/Unity/Hub/Editor/2022.3.22f1/Editor/Data/Managed'
Mono path[1] = 'C:/Program Files/Unity/Hub/Editor/2022.3.22f1/Editor/Data/MonoBleedingEdge/lib/mono/unityjit-win32'
Mono config path = 'C:/Program Files/Unity/Hub/Editor/2022.3.22f1/Editor/Data/MonoBleedingEdge/etc'
Using monoOptions --debugger-agent=transport=dt_socket,embedding=1,server=y,suspend=n,address=127.0.0.1:56920
Begin MonoManager ReloadAssembly
Registering precompiled unity dll's ...
Register platform support module: C:/Program Files/Unity/Hub/Editor/2022.3.22f1/Editor/Data/PlaybackEngines/WebGLSupport/UnityEditor.WebGL.Extensions.dll
Register platform support module: C:/Program Files/Unity/Hub/Editor/2022.3.22f1/Editor/Data/PlaybackEngines/WindowsStandaloneSupport/UnityEditor.WindowsStandalone.Extensions.dll
Registered in 0.006566 seconds.
- Loaded All Assemblies, in  0.316 seconds
Native extension for WindowsStandalone target not found
Native extension for WebGL target not found
Mono: successfully reloaded assembly
- Finished resetting the current domain, in  0.219 seconds
Domain Reload Profiling: 533ms
	BeginReloadAssembly (102ms)
		ExecutionOrderSort (0ms)
		DisableScriptedObjects (0ms)
		BackupInstance (0ms)
		ReleaseScriptingObjects (0ms)
		CreateAndSetChildDomain (1ms)
	RebuildCommonClasses (35ms)
	RebuildNativeTypeToScriptingClass (9ms)
	initialDomainReloadingComplete (49ms)
	LoadAllAssembliesAndSetupDomain (120ms)
		LoadAssemblies (101ms)
		RebuildTransferFunctionScriptingTraits (0ms)
		AnalyzeDomain (118ms)
			TypeCache.Refresh (117ms)
				TypeCache.ScanAssembly (106ms)
			ScanForSourceGeneratedMonoScriptInfo (0ms)
			ResolveRequiredComponents (0ms)
	FinalizeReload (219ms)
		ReleaseScriptCaches (0ms)
		RebuildScriptCaches (0ms)
		SetupLoadedEditorAssemblies (173ms)
			LogAssemblyErrors (0ms)
			InitializePlatformSupportModulesInManaged (8ms)
			SetLoadedEditorAssemblies (4ms)
			RefreshPlugins (0ms)
			BeforeProcessingInitializeOnLoad (2ms)
			ProcessInitializeOnLoadAttributes (122ms)
			ProcessInitializeOnLoadMethodAttributes (37ms)
			AfterProcessingInitializeOnLoad (0ms)
			EditorAssembliesLoaded (0ms)
		ExecutionOrderSort2 (0ms)
		AwakeInstancesAfterBackupRestoration (0ms)
========================================================================
Worker process is ready to serve import requests
Begin MonoManager ReloadAssembly
- Loaded All Assemblies, in  0.667 seconds
Refreshing native plugins compatible for Editor in 1.90 ms, found 3 plugins.
Native extension for WindowsStandalone target not found
Native extension for WebGL target not found
Package Manager log level set to [2]
[Package Manager] Server::EnsureServerProcessIsRunning -- launch failed, reason: Unity was launched with the -noUpm command-line argument
[Package Manager] UpmClient::Send -- Unable to send message (not connected to UPM process).
[Package Manager] Cannot connect to Unity Package Manager local server
Mono: successfully reloaded assembly
- Finished resetting the current domain, in  0.525 seconds
Domain Reload Profiling: 1190ms
	BeginReloadAssembly (137ms)
		ExecutionOrderSort (0ms)
		DisableScriptedObjects (5ms)
		BackupInstance (0ms)
		ReleaseScriptingObjects (0ms)
		CreateAndSetChildDomain (20ms)
	RebuildCommonClasses (32ms)
	RebuildNativeTypeToScriptingClass (10ms)
	initialDomainReloadingComplete (37ms)
	LoadAllAssembliesAndSetupDomain (448ms)
		LoadAssemblies (353ms)
		RebuildTransferFunctionScriptingTraits (0ms)
		AnalyzeDomain (172ms)
			TypeCache.Refresh (149ms)
				TypeCache.ScanAssembly (135ms)
			ScanForSourceGeneratedMonoScriptInfo (12ms)
			ResolveRequiredComponents (9ms)
	FinalizeReload (526ms)
		ReleaseScriptCaches (0ms)
		RebuildScriptCaches (0ms)
		SetupLoadedEditorAssemblies (387ms)
			LogAssemblyErrors (0ms)
			InitializePlatformSupportModulesInManaged (7ms)
			SetLoadedEditorAssemblies (3ms)
			RefreshPlugins (0ms)
			BeforeProcessingInitializeOnLoad (55ms)
			ProcessInitializeOnLoadAttributes (299ms)
			ProcessInitializeOnLoadMethodAttributes (17ms)
			AfterProcessingInitializeOnLoad (7ms)
			EditorAssembliesLoaded (0ms)
		ExecutionOrderSort2 (0ms)
		AwakeInstancesAfterBackupRestoration (5ms)
Launched and connected shader compiler UnityShaderCompiler.exe after 0.04 seconds
Refreshing native plugins compatible for Editor in 2.25 ms, found 3 plugins.
Preloading 0 native plugins for Editor in 0.00 ms.
Unloading 3263 Unused Serialized files (Serialized files now loaded: 0)
Unloading 45 unused Assets / (130.4 KB). Loaded Objects now: 3724.
Memory consumption went from 125.6 MB to 125.5 MB.
Total: 3.503300 ms (FindLiveObjects: 0.237300 ms CreateObjectMapping: 0.152100 ms MarkObjects: 2.997600 ms  DeleteObjects: 0.114900 ms)

AssetImportParameters requested are different than current active one (requested -> active):
  custom:container-demuxer-ogg: 62fdf1f143b41e24485cea50d1cbac27 -> 
  custom:video-codec-MediaFoundation-h265: 746d11721c4dcdbdad8f713fa42b33f4 -> 
  custom:video-decoder-ogg-theora: a1e56fd34408186e4bbccfd4996cb3dc -> 
  custom:framework-win-MediaFoundation: 216162199b28c13a410421893ffa2e32 -> 
  custom:CustomObjectIndexerAttribute: 9a22284fe3817be447336de3de66b15e -> 
  custom:container-demuxer-webm: 4f35f7cbe854078d1ac9338744f61a02 -> 
  custom:container-muxer-webm: aa71ff27fc2769a1b78a27578f13a17b -> 
  custom:video-decoder-webm-vp8: 9c59270c3fd7afecdb556c50c9e8de78 -> 
  custom:SearchIndexIgnoredProperties: e643bd26f0fe6173181afceb89e7c659 -> 
  custom:AudioImporter_EditorPlatform: d09bf68614088b80899f8185d706f6e7 -> 
  custom:video-encoder-webm-vp8: eb34c28f22e8b96e1ab97ce403110664 -> 
  custom:audio-decoder-ogg-vorbis: bf7c407c2cedff20999df2af8eb42d56 -> 
  custom:audio-encoder-webm-vorbis: bf7c407c2cedff20999df2af8eb42d56 -> 
========================================================================
Received Import Request.
  Time since last request: 94875.089733 seconds.
  path: Assets/Materials/scavenger texture.png
  artifactKey: Guid(4080437b0b80424489cc37f1e1faa6c6) Importer(2089858483,0ecaa5967403d082aa24f35e1b516d23)
Start importing Assets/Materials/scavenger texture.png using Guid(4080437b0b80424489cc37f1e1faa6c6) Importer(2089858483,0ecaa5967403d082aa24f35e1b516d23)  -> (artifact id: '9063cf48b8eb1919f12d75d234501ab6') in 0.226242 seconds
Number of updated asset objects reloaded before import = 0
Number of asset objects unloaded after import = 1
========================================================================
Received Import Request.
  Time since last request: 0.000051 seconds.
  path: Assets/Models/floor.fbx
  artifactKey: Guid(deb8123726630d641a511be40d02e86d) Importer(2089858483,0ecaa5967403d082aa24f35e1b516d23)
Start importing Assets/Models/floor.fbx using Guid(deb8123726630d641a511be40d02e86d) Importer(2089858483,0ecaa5967403d082aa24f35e1b516d23)  -> (artifact id: 'aff2553d23f7e2277dfbb9385b4b77c7') in 0.055066 seconds
Number of updated asset objects reloaded before import = 0
Number of asset objects unloaded after import = 7
========================================================================
Received Import Request.
  Time since last request: 0.000046 seconds.
  path: Assets/Models/3D Gold Stacked OBJ.obj
  artifactKey: Guid(00f5554899156be4683d22c4dc1b9ba6) Importer(2089858483,0ecaa5967403d082aa24f35e1b516d23)
Start importing Assets/Models/3D Gold Stacked OBJ.obj using Guid(00f5554899156be4683d22c4dc1b9ba6) Importer(2089858483,0ecaa5967403d082aa24f35e1b516d23)  -> (artifact id: '0d6ebbc7d199b1ab9bac8024a0a31168') in 0.079884 seconds
Number of updated asset objects reloaded before import = 0
Number of asset objects unloaded after import = 10
========================================================================
Received Import Request.
  Time since last request: 0.000012 seconds.
  path: Assets/Models/Beer Barrel.fbx
  artifactKey: Guid(4ad167a7533b6d54ca6fc18336069f4f) Importer(2089858483,0ecaa5967403d082aa24f35e1b516d23)
Start importing Assets/Models/Beer Barrel.fbx using Guid(4ad167a7533b6d54ca6fc18336069f4f) Importer(2089858483,0ecaa5967403d082aa24f35e1b516d23)  -> (artifact id: 'afdf3d3c9a80ac62e6db8c2bbcff4614') in 0.156498 seconds
Number of updated asset objects reloaded before import = 0
Number of asset objects unloaded after import = 8
========================================================================
Received Import Request.
  Time since last request: 0.000018 seconds.
  path: Assets/Materials/Materials/Dungeons_2_Texture_01_A 8.mat
  artifactKey: Guid(003c999d198da064eac9f1ca424ad5d7) Importer(2089858483,0ecaa5967403d082aa24f35e1b516d23)
Start importing Assets/Materials/Materials/Dungeons_2_Texture_01_A 8.mat using Guid(003c999d198da064eac9f1ca424ad5d7) Importer(2089858483,0ecaa5967403d082aa24f35e1b516d23)  -> (artifact id: 'e3f74ee71631c192029c5b3ebef47365') in 0.086461 seconds
Number of updated asset objects reloaded before import = 0
Number of asset objects unloaded after import = 2
========================================================================
Received Import Request.
  Time since last request: 0.000031 seconds.
  path: Assets/Materials/Materials/New Material 3.mat
  artifactKey: Guid(3ee7c5a3010ce124a8ac774a977846af) Importer(2089858483,0ecaa5967403d082aa24f35e1b516d23)
Start importing Assets/Materials/Materials/New Material 3.mat using Guid(3ee7c5a3010ce124a8ac774a977846af) Importer(2089858483,0ecaa5967403d082aa24f35e1b516d23)  -> (artifact id: 'b1055e6ff65ba6a75a370ffa47d7ea07') in 0.213331 seconds
Number of updated asset objects reloaded before import = 0
Number of asset objects unloaded after import = 1
========================================================================
Received Import Request.
  Time since last request: 0.000021 seconds.
  path: Assets/Materials/Materials/New Material 1.mat
  artifactKey: Guid(e2d24ba60644aa9488645005f2488f04) Importer(2089858483,0ecaa5967403d082aa24f35e1b516d23)
Start importing Assets/Materials/Materials/New Material 1.mat using Guid(e2d24ba60644aa9488645005f2488f04) Importer(2089858483,0ecaa5967403d082aa24f35e1b516d23)  -> (artifact id: '1e92780ef980812dd50af1d190643386') in 0.022472 seconds
Number of updated asset objects reloaded before import = 0
Number of asset objects unloaded after import = 1
========================================================================
Received Import Request.
  Time since last request: 0.000023 seconds.
  path: Assets/Materials/Materials/BeerBarrel_Albedo.mat
  artifactKey: Guid(3122914915688574c94ce70e598d9ad6) Importer(2089858483,0ecaa5967403d082aa24f35e1b516d23)
Start importing Assets/Materials/Materials/BeerBarrel_Albedo.mat using Guid(3122914915688574c94ce70e598d9ad6) Importer(2089858483,0ecaa5967403d082aa24f35e1b516d23)  -> (artifact id: '3e7e0f31b41a7072c7aede7b6cccfd64') in 0.025163 seconds
Number of updated asset objects reloaded before import = 0
Number of asset objects unloaded after import = 2
========================================================================
Received Import Request.
  Time since last request: 0.000012 seconds.
  path: Assets/Materials/Materials/Dungeons_2_Texture_01_A 1.mat
  artifactKey: Guid(14299b572605b1548a3da8fc74ae2e1a) Importer(2089858483,0ecaa5967403d082aa24f35e1b516d23)
Start importing Assets/Materials/Materials/Dungeons_2_Texture_01_A 1.mat using Guid(14299b572605b1548a3da8fc74ae2e1a) Importer(2089858483,0ecaa5967403d082aa24f35e1b516d23)  -> (artifact id: 'c55aebba907bc0ca45f717453776bb46') in 0.016716 seconds
Number of updated asset objects reloaded before import = 0
Number of asset objects unloaded after import = 2
========================================================================
Received Import Request.
  Time since last request: 0.000012 seconds.
  path: Assets/Scripts/TreasureVault.cs
  artifactKey: Guid(75eb6a3b12e93cd47a61e0d045f8d18c) Importer(2089858483,0ecaa5967403d082aa24f35e1b516d23)
Start importing Assets/Scripts/TreasureVault.cs using Guid(75eb6a3b12e93cd47a61e0d045f8d18c) Importer(2089858483,0ecaa5967403d082aa24f35e1b516d23)  -> (artifact id: '6ca7f77ab7ed249cf5faf33f204ab806') in 0.018178 seconds
Number of updated asset objects reloaded before import = 0
Number of asset objects unloaded after import = 1
========================================================================
Received Import Request.
  Time since last request: 0.000016 seconds.
  path: Assets/Models/railing.fbx
  artifactKey: Guid(9337438d95b3042419e41a296873ce9c) Importer(2089858483,0ecaa5967403d082aa24f35e1b516d23)
Start importing Assets/Models/railing.fbx using Guid(9337438d95b3042419e41a296873ce9c) Importer(2089858483,0ecaa5967403d082aa24f35e1b516d23)  -> (artifact id: 'e08f3f56aa6ec09fe368402323d3500e') in 0.042977 seconds
Number of updated asset objects reloaded before import = 0
Number of asset objects unloaded after import = 7
========================================================================
Received Import Request.
  Time since last request: 0.000021 seconds.
  path: Assets/Scenes/SampleScene.unity
  artifactKey: Guid(9fc0d4010bbf28b4594072e72b8655ab) Importer(2089858483,0ecaa5967403d082aa24f35e1b516d23)
Start importing Assets/Scenes/SampleScene.unity using Guid(9fc0d4010bbf28b4594072e72b8655ab) Importer(2089858483,0ecaa5967403d082aa24f35e1b516d23)  -> (artifact id: 'bf978a36e49c265ee6a5812553d58cfb') in 0.023687 seconds
Number of updated asset objects reloaded before import = 0
Number of asset objects unloaded after import = 1
========================================================================
Received Import Request.
  Time since last request: 0.000013 seconds.
  path: Assets/Materials/granite.jpg
  artifactKey: Guid(20cabcddc9e19314ebb82a31de1f5e57) Importer(2089858483,0ecaa5967403d082aa24f35e1b516d23)
Start importing Assets/Materials/granite.jpg using Guid(20cabcddc9e19314ebb82a31de1f5e57) Importer(2089858483,0ecaa5967403d082aa24f35e1b516d23)  -> (artifact id: '0634ae09de8adb6d5ebf629954e4bf01') in 0.033926 seconds
Number of updated asset objects reloaded before import = 0
Number of asset objects unloaded after import = 1
========================================================================
Received Import Request.
  Time since last request: 0.000017 seconds.
  path: Assets/Models/crumbledpillar1.fbx
  artifactKey: Guid(30319c10ec088cf4a9d1c7847fcb6e99) Importer(2089858483,0ecaa5967403d082aa24f35e1b516d23)
Start importing Assets/Models/crumbledpillar1.fbx using Guid(30319c10ec088cf4a9d1c7847fcb6e99) Importer(2089858483,0ecaa5967403d082aa24f35e1b516d23)  -> (artifact id: '88c9cff5b3ddd18116a39f2b010d0583') in 0.031160 seconds
Number of updated asset objects reloaded before import = 0
Number of asset objects unloaded after import = 7
========================================================================
Received Import Request.
  Time since last request: 0.000024 seconds.
  path: Assets/Materials/Sunsword_Mixed_AO.tga
  artifactKey: Guid(f699eb9b355043f48ad277766f6ae980) Importer(2089858483,0ecaa5967403d082aa24f35e1b516d23)
Start importing Assets/Materials/Sunsword_Mixed_AO.tga using Guid(f699eb9b355043f48ad277766f6ae980) Importer(2089858483,0ecaa5967403d082aa24f35e1b516d23)  -> (artifact id: '5b7076e7bbc96d23cb70469bd8cafe36') in 0.206789 seconds
Number of updated asset objects reloaded before import = 0
Number of asset objects unloaded after import = 1
========================================================================
Received Import Request.
  Time since last request: 0.000024 seconds.
  path: Assets/Materials/Materials/Moonsword_Mixed_AO.mat
  artifactKey: Guid(abf2cd250aae10041ba2d61d62c10475) Importer(2089858483,0ecaa5967403d082aa24f35e1b516d23)
Start importing Assets/Materials/Materials/Moonsword_Mixed_AO.mat using Guid(abf2cd250aae10041ba2d61d62c10475) Importer(2089858483,0ecaa5967403d082aa24f35e1b516d23)  -> (artifact id: '4ba3a3e2608196c6b6b7e7c2885bbe4c') in 0.163512 seconds
Number of updated asset objects reloaded before import = 0
Number of asset objects unloaded after import = 2
========================================================================
Received Import Request.
  Time since last request: 0.000019 seconds.
  path: Assets/Materials/KeypadDoorLockRough.png
  artifactKey: Guid(6ff3ffe6d0d23364985f32c04f8c3e77) Importer(2089858483,0ecaa5967403d082aa24f35e1b516d23)
Start importing Assets/Materials/KeypadDoorLockRough.png using Guid(6ff3ffe6d0d23364985f32c04f8c3e77) Importer(2089858483,0ecaa5967403d082aa24f35e1b516d23)  -> (artifact id: '4bcd245e0805d5caec22341f5152dd0e') in 0.019012 seconds
Number of updated asset objects reloaded before import = 0
Number of asset objects unloaded after import = 1
========================================================================
Received Import Request.
  Time since last request: 0.000037 seconds.
  path: Assets/Materials/Materials/Mug_BaseColor.mat
  artifactKey: Guid(ea7ffdfe46805ea419ceee91f3ff40c4) Importer(2089858483,0ecaa5967403d082aa24f35e1b516d23)
Start importing Assets/Materials/Materials/Mug_BaseColor.mat using Guid(ea7ffdfe46805ea419ceee91f3ff40c4) Importer(2089858483,0ecaa5967403d082aa24f35e1b516d23)  -> (artifact id: 'bf8406f603e30fb3548fa4ed6405b84c') in 0.015673 seconds
Number of updated asset objects reloaded before import = 0
Number of asset objects unloaded after import = 2
========================================================================
Received Import Request.
  Time since last request: 0.000012 seconds.
  path: Assets/Models/Window2.fbx
  artifactKey: Guid(529213c65f0636847a6c802157f811b1) Importer(2089858483,0ecaa5967403d082aa24f35e1b516d23)
Start importing Assets/Models/Window2.fbx using Guid(529213c65f0636847a6c802157f811b1) Importer(2089858483,0ecaa5967403d082aa24f35e1b516d23)  -> (artifact id: 'b4d74621a18493d712acb0154383f627') in 0.021980 seconds
Number of updated asset objects reloaded before import = 0
Number of asset objects unloaded after import = 7
========================================================================
Received Import Request.
  Time since last request: 0.000013 seconds.
  path: Assets/Materials/stonebrick.bmp
  artifactKey: Guid(e10952a59ca274c419a5c4007086141f) Importer(2089858483,0ecaa5967403d082aa24f35e1b516d23)
Start importing Assets/Materials/stonebrick.bmp using Guid(e10952a59ca274c419a5c4007086141f) Importer(2089858483,0ecaa5967403d082aa24f35e1b516d23)  -> (artifact id: '316e7c2d33887d409766ef07629b84b3') in 0.019623 seconds
Number of updated asset objects reloaded before import = 0
Number of asset objects unloaded after import = 1
========================================================================
Received Import Request.
  Time since last request: 0.000019 seconds.
  path: Assets/Scripts/ThirdPuzzle.cs
  artifactKey: Guid(e60871bcae23f6e4b9622ea5a7a1e1c2) Importer(2089858483,0ecaa5967403d082aa24f35e1b516d23)
Start importing Assets/Scripts/ThirdPuzzle.cs using Guid(e60871bcae23f6e4b9622ea5a7a1e1c2) Importer(2089858483,0ecaa5967403d082aa24f35e1b516d23)  -> (artifact id: '01f8e66943a2dced5dd4a2d59c82e2aa') in 0.012639 seconds
Number of updated asset objects reloaded before import = 0
Number of asset objects unloaded after import = 1
========================================================================
Received Import Request.
  Time since last request: 0.000012 seconds.
  path: Assets/Models/SunswordStylized.fbx
  artifactKey: Guid(49968748acb1d5342b2a8c6abed71ae9) Importer(2089858483,0ecaa5967403d082aa24f35e1b516d23)
Start importing Assets/Models/SunswordStylized.fbx using Guid(49968748acb1d5342b2a8c6abed71ae9) Importer(2089858483,0ecaa5967403d082aa24f35e1b516d23)  -> (artifact id: '933cac1d589ac93cebd38d2086e87867') in 0.031472 seconds
Number of updated asset objects reloaded before import = 0
Number of asset objects unloaded after import = 29
========================================================================
Received Import Request.
  Time since last request: 0.000013 seconds.
  path: Assets/Materials/lambert1_Base_color.png
  artifactKey: Guid(953ee1461af4733428f3879cd38cd18f) Importer(2089858483,0ecaa5967403d082aa24f35e1b516d23)
Start importing Assets/Materials/lambert1_Base_color.png using Guid(953ee1461af4733428f3879cd38cd18f) Importer(2089858483,0ecaa5967403d082aa24f35e1b516d23)  -> (artifact id: 'd1417bf9b55e7fae4eb8e372721451e0') in 0.019816 seconds
Number of updated asset objects reloaded before import = 0
Number of asset objects unloaded after import = 1
========================================================================
Received Import Request.
  Time since last request: 0.000011 seconds.
  path: Assets/Materials/Materials/Texture_01_A.mat
  artifactKey: Guid(92d01b1c54c23a742a9ab48bb38d7812) Importer(2089858483,0ecaa5967403d082aa24f35e1b516d23)
Start importing Assets/Materials/Materials/Texture_01_A.mat using Guid(92d01b1c54c23a742a9ab48bb38d7812) Importer(2089858483,0ecaa5967403d082aa24f35e1b516d23)  -> (artifact id: '26c0f5849d5ea3e8aebcd7491a9ab1bd') in 0.028618 seconds
Number of updated asset objects reloaded before import = 0
Number of asset objects unloaded after import = 2
========================================================================
Received Import Request.
  Time since last request: 0.000011 seconds.
  path: Assets/Materials/Moonsword_Mixed_AO.tga
  artifactKey: Guid(12758650e82c2e245af2a28dbeef2fc5) Importer(2089858483,0ecaa5967403d082aa24f35e1b516d23)
Start importing Assets/Materials/Moonsword_Mixed_AO.tga using Guid(12758650e82c2e245af2a28dbeef2fc5) Importer(2089858483,0ecaa5967403d082aa24f35e1b516d23)  -> (artifact id: 'c801cbd84163ae49277c4141b49724df') in 0.018781 seconds
Number of updated asset objects reloaded before import = 0
Number of asset objects unloaded after import = 1
========================================================================
Received Import Request.
  Time since last request: 0.000012 seconds.
  path: Assets/Models/bigpillarbase.fbx
  artifactKey: Guid(4a9254a0050bafc4f9ac7bf114876ef5) Importer(2089858483,0ecaa5967403d082aa24f35e1b516d23)
Start importing Assets/Models/bigpillarbase.fbx using Guid(4a9254a0050bafc4f9ac7bf114876ef5) Importer(2089858483,0ecaa5967403d082aa24f35e1b516d23)  -> (artifact id: '6d4e4907252710ab1e1f5f873295a3ad') in 0.045267 seconds
Number of updated asset objects reloaded before import = 0
Number of asset objects unloaded after import = 7
========================================================================
Received Import Request.
  Time since last request: 0.000019 seconds.
  path: Assets/Models/Podium.obj
  artifactKey: Guid(4bd6df7c252557349ba171aae81dc3e5) Importer(2089858483,0ecaa5967403d082aa24f35e1b516d23)
Start importing Assets/Models/Podium.obj using Guid(4bd6df7c252557349ba171aae81dc3e5) Importer(2089858483,0ecaa5967403d082aa24f35e1b516d23)  -> (artifact id: '1f38a4c5d55ae3bc6fa6e360a9f6a4ea') in 0.020330 seconds
Number of updated asset objects reloaded before import = 0
Number of asset objects unloaded after import = 10
========================================================================
Received Import Request.
  Time since last request: 0.000012 seconds.
  path: Assets/Materials/Materials/Dungeons_2_Texture_01_A 9.mat
  artifactKey: Guid(2e76e5d4307c87646a105b6fecd65ec7) Importer(2089858483,0ecaa5967403d082aa24f35e1b516d23)
Start importing Assets/Materials/Materials/Dungeons_2_Texture_01_A 9.mat using Guid(2e76e5d4307c87646a105b6fecd65ec7) Importer(2089858483,0ecaa5967403d082aa24f35e1b516d23)  -> (artifact id: 'c7ba7456b3ee243acdd5dac9ff6aa510') in 0.016573 seconds
Number of updated asset objects reloaded before import = 0
Number of asset objects unloaded after import = 2
========================================================================
Received Import Request.
  Time since last request: 0.000013 seconds.
  path: Assets/Materials/valdenfer_jpg_1.jpg
  artifactKey: Guid(a313b0d48cd73b84f880cb48deb5f35f) Importer(2089858483,0ecaa5967403d082aa24f35e1b516d23)
Start importing Assets/Materials/valdenfer_jpg_1.jpg using Guid(a313b0d48cd73b84f880cb48deb5f35f) Importer(2089858483,0ecaa5967403d082aa24f35e1b516d23)  -> (artifact id: 'a0fb100dc977b5a28365e2e68680c1ef') in 0.293223 seconds
Number of updated asset objects reloaded before import = 0
Number of asset objects unloaded after import = 1
========================================================================
Received Import Request.
  Time since last request: 0.000013 seconds.
  path: Assets/Models/gem3.fbx
  artifactKey: Guid(185d787a6b53bd246bbe09b25e3eb673) Importer(2089858483,0ecaa5967403d082aa24f35e1b516d23)
Start importing Assets/Models/gem3.fbx using Guid(185d787a6b53bd246bbe09b25e3eb673) Importer(2089858483,0ecaa5967403d082aa24f35e1b516d23)  -> (artifact id: 'a85cb9a88a6fe59f03716c8ccc9e2a8c') in 0.459338 seconds
Number of updated asset objects reloaded before import = 0
Number of asset objects unloaded after import = 7
========================================================================
Received Import Request.
  Time since last request: 0.000020 seconds.
  path: Assets/Materials/Moonsword_Diffuse.tga
  artifactKey: Guid(31a1e68a0b6060940b15255b1bcbfa9d) Importer(2089858483,0ecaa5967403d082aa24f35e1b516d23)
Start importing Assets/Materials/Moonsword_Diffuse.tga using Guid(31a1e68a0b6060940b15255b1bcbfa9d) Importer(2089858483,0ecaa5967403d082aa24f35e1b516d23)  -> (artifact id: '6b21a74bce64d4ccd78f70486e102f95') in 0.091859 seconds
Number of updated asset objects reloaded before import = 0
Number of asset objects unloaded after import = 1
========================================================================
Received Import Request.
  Time since last request: 0.000018 seconds.
  path: Assets/Models/gem1.fbx
  artifactKey: Guid(66147d75f5aaabd45818b8472eefb4ae) Importer(2089858483,0ecaa5967403d082aa24f35e1b516d23)
Start importing Assets/Models/gem1.fbx using Guid(66147d75f5aaabd45818b8472eefb4ae) Importer(2089858483,0ecaa5967403d082aa24f35e1b516d23)  -> (artifact id: '6b8db139e4ff73c5acb79daf4b2202c7') in 0.031440 seconds
Number of updated asset objects reloaded before import = 0
Number of asset objects unloaded after import = 7
========================================================================
Received Import Request.
  Time since last request: 0.000018 seconds.
  path: Assets/Materials/Moonsword_Emissive.tga
  artifactKey: Guid(587ca9966d9ee804d99cae857ee2df1a) Importer(2089858483,0ecaa5967403d082aa24f35e1b516d23)
Start importing Assets/Materials/Moonsword_Emissive.tga using Guid(587ca9966d9ee804d99cae857ee2df1a) Importer(2089858483,0ecaa5967403d082aa24f35e1b516d23)  -> (artifact id: '9c6292a192a046a3ad0a15901881f264') in 0.287465 seconds
Number of updated asset objects reloaded before import = 0
Number of asset objects unloaded after import = 1
========================================================================
Received Import Request.
  Time since last request: 0.000016 seconds.
  path: Assets/Materials/Gold_Diffuse.png
  artifactKey: Guid(e02ce3fc1f2d35845a375f1c6096f226) Importer(2089858483,0ecaa5967403d082aa24f35e1b516d23)
Start importing Assets/Materials/Gold_Diffuse.png using Guid(e02ce3fc1f2d35845a375f1c6096f226) Importer(2089858483,0ecaa5967403d082aa24f35e1b516d23)  -> (artifact id: '668461bd67f8c5f72907ed76d4d09a62') in 0.058390 seconds
Number of updated asset objects reloaded before import = 0
Number of asset objects unloaded after import = 1
========================================================================
Received Import Request.
  Time since last request: 0.000036 seconds.
  path: Assets/Materials/Moonsword_Specular.tga
  artifactKey: Guid(76f936f18ddd81544a63078fc0536f27) Importer(2089858483,0ecaa5967403d082aa24f35e1b516d23)
Start importing Assets/Materials/Moonsword_Specular.tga using Guid(76f936f18ddd81544a63078fc0536f27) Importer(2089858483,0ecaa5967403d082aa24f35e1b516d23)  -> (artifact id: '9ad34ba3031798d5e8e852ec9cdcca52') in 0.094835 seconds
Number of updated asset objects reloaded before import = 0
Number of asset objects unloaded after import = 1
